CRITICAL - 2020-11-18 07:03:56 --> Unable to connect to the database.
#0 C:\xampp\htdocs\appstarter\vendor\codeigniter4\framework\system\Database\BaseConnection.php(646): CodeIgniter\Database\BaseConnection->initialize()
#1 C:\xampp\htdocs\appstarter\vendor\codeigniter4\framework\system\Database\BaseBuilder.php(1860): CodeIgniter\Database\BaseConnection->query('SELECT SUM(`jum...', Array, false)
#2 C:\xampp\htdocs\appstarter\app\Models\M_kas_masuk.php(16): CodeIgniter\Database\BaseBuilder->get()
#3 C:\xampp\htdocs\appstarter\app\Controllers\Dashboard.php(13): App\Models\M_kas_masuk->hitungjumlah()
#4 C:\xampp\htdocs\appstarter\vendor\codeigniter4\framework\system\CodeIgniter.php(918): App\Controllers\Dashboard->index()
#5 C:\xampp\htdocs\appstarter\vendor\codeigniter4\framework\system\CodeIgniter.php(404): CodeIgniter\CodeIgniter->runController(Object(App\Controllers\Dashboard))
#6 C:\xampp\htdocs\appstarter\vendor\codeigniter4\framework\system\CodeIgniter.php(312): CodeIgniter\CodeIgniter->handleRequest(NULL, Object(Config\Cache), false)
#7 C:\xampp\htdocs\appstarter\public\index.php(45): CodeIgniter\CodeIgniter->run()
#8 C:\xampp\htdocs\appstarter\vendor\codeigniter4\framework\system\Commands\Server\rewrite.php(34): require_once('C:\\xampp\\htdocs...')
#9 {main}
CRITICAL - 2020-11-18 07:23:24 --> Undefined variable: no
#0 C:\xampp\htdocs\appstarter\app\Views\data_kas_masuk\index.php(51): CodeIgniter\Debug\Exceptions->errorHandler(8, 'Undefined varia...', 'C:\\xampp\\htdocs...', 51, Array)
#1 C:\xampp\htdocs\appstarter\vendor\codeigniter4\framework\system\View\View.php(246): include('C:\\xampp\\htdocs...')
#2 C:\xampp\htdocs\appstarter\vendor\codeigniter4\framework\system\Common.php(1119): CodeIgniter\View\View->render('data_kas_masuk/...', Array, true)
#3 C:\xampp\htdocs\appstarter\app\Controllers\Data_Kas_Masuk.php(16): view('data_kas_masuk/...', Array)
#4 C:\xampp\htdocs\appstarter\vendor\codeigniter4\framework\system\CodeIgniter.php(918): App\Controllers\Data_Kas_Masuk->index()
#5 C:\xampp\htdocs\appstarter\vendor\codeigniter4\framework\system\CodeIgniter.php(404): CodeIgniter\CodeIgniter->runController(Object(App\Controllers\Data_Kas_Masuk))
#6 C:\xampp\htdocs\appstarter\vendor\codeigniter4\framework\system\CodeIgniter.php(312): CodeIgniter\CodeIgniter->handleRequest(NULL, Object(Config\Cache), false)
#7 C:\xampp\htdocs\appstarter\public\index.php(45): CodeIgniter\CodeIgniter->run()
#8 C:\xampp\htdocs\appstarter\vendor\codeigniter4\framework\system\Commands\Server\rewrite.php(34): require_once('C:\\xampp\\htdocs...')
#9 {main}
CRITICAL - 2020-11-18 08:11:46 --> syntax error, unexpected '=>' (T_DOUBLE_ARROW)
#0 C:\xampp\htdocs\appstarter\vendor\codeigniter4\framework\system\Router\Router.php(195): CodeIgniter\Router\Router->autoRoute('dashboard')
#1 C:\xampp\htdocs\appstarter\vendor\codeigniter4\framework\system\CodeIgniter.php(793): CodeIgniter\Router\Router->handle('dashboard')
#2 C:\xampp\htdocs\appstarter\vendor\codeigniter4\framework\system\CodeIgniter.php(364): CodeIgniter\CodeIgniter->tryToRouteIt(Object(CodeIgniter\Router\RouteCollection))
#3 C:\xampp\htdocs\appstarter\vendor\codeigniter4\framework\system\CodeIgniter.php(312): CodeIgniter\CodeIgniter->handleRequest(NULL, Object(Config\Cache), false)
#4 C:\xampp\htdocs\appstarter\public\index.php(45): CodeIgniter\CodeIgniter->run()
#5 C:\xampp\htdocs\appstarter\vendor\codeigniter4\framework\system\Commands\Server\rewrite.php(34): require_once('C:\\xampp\\htdocs...')
#6 {main}
CRITICAL - 2020-11-18 08:12:15 --> Table 'db_forum_deiyai.data_surat' doesn't exist
#0 C:\xampp\htdocs\appstarter\vendor\codeigniter4\framework\system\Database\MySQLi\Connection.php(331): mysqli->query('SELECT COUNT(*)...')
#1 C:\xampp\htdocs\appstarter\vendor\codeigniter4\framework\system\Database\BaseConnection.php(741): CodeIgniter\Database\MySQLi\Connection->execute('SELECT COUNT(*)...')
#2 C:\xampp\htdocs\appstarter\vendor\codeigniter4\framework\system\Database\BaseConnection.php(669): CodeIgniter\Database\BaseConnection->simpleQuery('SELECT COUNT(*)...')
#3 C:\xampp\htdocs\appstarter\vendor\codeigniter4\framework\system\Database\BaseBuilder.php(1897): CodeIgniter\Database\BaseConnection->query('SELECT COUNT(*)...', NULL, false)
#4 C:\xampp\htdocs\appstarter\app\Models\M_kas_masuk.php(27): CodeIgniter\Database\BaseBuilder->countAll()
#5 C:\xampp\htdocs\appstarter\app\Controllers\Dashboard.php(16): App\Models\M_kas_masuk->totalsurat()
#6 C:\xampp\htdocs\appstarter\vendor\codeigniter4\framework\system\CodeIgniter.php(918): App\Controllers\Dashboard->index()
#7 C:\xampp\htdocs\appstarter\vendor\codeigniter4\framework\system\CodeIgniter.php(404): CodeIgniter\CodeIgniter->runController(Object(App\Controllers\Dashboard))
#8 C:\xampp\htdocs\appstarter\vendor\codeigniter4\framework\system\CodeIgniter.php(312): CodeIgniter\CodeIgniter->handleRequest(NULL, Object(Config\Cache), false)
#9 C:\xampp\htdocs\appstarter\public\index.php(45): CodeIgniter\CodeIgniter->run()
#10 C:\xampp\htdocs\appstarter\vendor\codeigniter4\framework\system\Commands\Server\rewrite.php(34): require_once('C:\\xampp\\htdocs...')
#11 {main}
CRITICAL - 2020-11-18 10:58:18 --> Duplicate entry '123456' for key 'PRIMARY'
#0 C:\xampp\htdocs\appstarter\vendor\codeigniter4\framework\system\Database\MySQLi\Connection.php(331): mysqli->query('INSERT INTO `da...')
#1 C:\xampp\htdocs\appstarter\vendor\codeigniter4\framework\system\Database\BaseConnection.php(741): CodeIgniter\Database\MySQLi\Connection->execute('INSERT INTO `da...')
#2 C:\xampp\htdocs\appstarter\vendor\codeigniter4\framework\system\Database\BaseConnection.php(669): CodeIgniter\Database\BaseConnection->simpleQuery('INSERT INTO `da...')
#3 C:\xampp\htdocs\appstarter\vendor\codeigniter4\framework\system\Database\BaseBuilder.php(2249): CodeIgniter\Database\BaseConnection->query('INSERT INTO `da...', Array, false)
#4 C:\xampp\htdocs\appstarter\app\Models\M_surat_keluar.php(21): CodeIgniter\Database\BaseBuilder->insert(Array)
#5 C:\xampp\htdocs\appstarter\app\Controllers\Data_Surat_Keluar.php(46): App\Models\M_surat_keluar->tambah(Array)
#6 C:\xampp\htdocs\appstarter\vendor\codeigniter4\framework\system\CodeIgniter.php(918): App\Controllers\Data_Surat_Keluar->tambah()
#7 C:\xampp\htdocs\appstarter\vendor\codeigniter4\framework\system\CodeIgniter.php(404): CodeIgniter\CodeIgniter->runController(Object(App\Controllers\Data_Surat_Keluar))
#8 C:\xampp\htdocs\appstarter\vendor\codeigniter4\framework\system\CodeIgniter.php(312): CodeIgniter\CodeIgniter->handleRequest(NULL, Object(Config\Cache), false)
#9 C:\xampp\htdocs\appstarter\public\index.php(45): CodeIgniter\CodeIgniter->run()
#10 C:\xampp\htdocs\appstarter\vendor\codeigniter4\framework\system\Commands\Server\rewrite.php(34): require_once('C:\\xampp\\htdocs...')
#11 {main}
CRITICAL - 2020-11-18 11:22:33 --> Column 'file' cannot be null
#0 C:\xampp\htdocs\appstarter\vendor\codeigniter4\framework\system\Database\MySQLi\Connection.php(331): mysqli->query('INSERT INTO `da...')
#1 C:\xampp\htdocs\appstarter\vendor\codeigniter4\framework\system\Database\BaseConnection.php(741): CodeIgniter\Database\MySQLi\Connection->execute('INSERT INTO `da...')
#2 C:\xampp\htdocs\appstarter\vendor\codeigniter4\framework\system\Database\BaseConnection.php(669): CodeIgniter\Database\BaseConnection->simpleQuery('INSERT INTO `da...')
#3 C:\xampp\htdocs\appstarter\vendor\codeigniter4\framework\system\Database\BaseBuilder.php(2249): CodeIgniter\Database\BaseConnection->query('INSERT INTO `da...', Array, false)
#4 C:\xampp\htdocs\appstarter\app\Models\M_surat_masuk.php(21): CodeIgniter\Database\BaseBuilder->insert(Array)
#5 C:\xampp\htdocs\appstarter\app\Controllers\Data_Surat_Masuk.php(46): App\Models\M_surat_masuk->tambah(Array)
#6 C:\xampp\htdocs\appstarter\vendor\codeigniter4\framework\system\CodeIgniter.php(918): App\Controllers\Data_Surat_Masuk->tambah()
#7 C:\xampp\htdocs\appstarter\vendor\codeigniter4\framework\system\CodeIgniter.php(404): CodeIgniter\CodeIgniter->runController(Object(App\Controllers\Data_Surat_Masuk))
#8 C:\xampp\htdocs\appstarter\vendor\codeigniter4\framework\system\CodeIgniter.php(312): CodeIgniter\CodeIgniter->handleRequest(NULL, Object(Config\Cache), false)
#9 C:\xampp\htdocs\appstarter\public\index.php(45): CodeIgniter\CodeIgniter->run()
#10 C:\xampp\htdocs\appstarter\vendor\codeigniter4\framework\system\Commands\Server\rewrite.php(34): require_once('C:\\xampp\\htdocs...')
#11 {main}
CRITICAL - 2020-11-18 11:25:07 --> Column 'file' cannot be null
#0 C:\xampp\htdocs\appstarter\vendor\codeigniter4\framework\system\Database\MySQLi\Connection.php(331): mysqli->query('INSERT INTO `da...')
#1 C:\xampp\htdocs\appstarter\vendor\codeigniter4\framework\system\Database\BaseConnection.php(741): CodeIgniter\Database\MySQLi\Connection->execute('INSERT INTO `da...')
#2 C:\xampp\htdocs\appstarter\vendor\codeigniter4\framework\system\Database\BaseConnection.php(669): CodeIgniter\Database\BaseConnection->simpleQuery('INSERT INTO `da...')
#3 C:\xampp\htdocs\appstarter\vendor\codeigniter4\framework\system\Database\BaseBuilder.php(2249): CodeIgniter\Database\BaseConnection->query('INSERT INTO `da...', Array, false)
#4 C:\xampp\htdocs\appstarter\app\Models\M_surat_masuk.php(21): CodeIgniter\Database\BaseBuilder->insert(Array)
#5 C:\xampp\htdocs\appstarter\app\Controllers\Data_Surat_Masuk.php(46): App\Models\M_surat_masuk->tambah(Array)
#6 C:\xampp\htdocs\appstarter\vendor\codeigniter4\framework\system\CodeIgniter.php(918): App\Controllers\Data_Surat_Masuk->tambah()
#7 C:\xampp\htdocs\appstarter\vendor\codeigniter4\framework\system\CodeIgniter.php(404): CodeIgniter\CodeIgniter->runController(Object(App\Controllers\Data_Surat_Masuk))
#8 C:\xampp\htdocs\appstarter\vendor\codeigniter4\framework\system\CodeIgniter.php(312): CodeIgniter\CodeIgniter->handleRequest(NULL, Object(Config\Cache), false)
#9 C:\xampp\htdocs\appstarter\public\index.php(45): CodeIgniter\CodeIgniter->run()
#10 C:\xampp\htdocs\appstarter\vendor\codeigniter4\framework\system\Commands\Server\rewrite.php(34): require_once('C:\\xampp\\htdocs...')
#11 {main}
CRITICAL - 2020-11-18 11:34:25 --> Column 'file' cannot be null
#0 C:\xampp\htdocs\appstarter\vendor\codeigniter4\framework\system\Database\MySQLi\Connection.php(331): mysqli->query('INSERT INTO `da...')
#1 C:\xampp\htdocs\appstarter\vendor\codeigniter4\framework\system\Database\BaseConnection.php(741): CodeIgniter\Database\MySQLi\Connection->execute('INSERT INTO `da...')
#2 C:\xampp\htdocs\appstarter\vendor\codeigniter4\framework\system\Database\BaseConnection.php(669): CodeIgniter\Database\BaseConnection->simpleQuery('INSERT INTO `da...')
#3 C:\xampp\htdocs\appstarter\vendor\codeigniter4\framework\system\Database\BaseBuilder.php(2249): CodeIgniter\Database\BaseConnection->query('INSERT INTO `da...', Array, false)
#4 C:\xampp\htdocs\appstarter\app\Models\M_surat_masuk.php(21): CodeIgniter\Database\BaseBuilder->insert(Array)
#5 C:\xampp\htdocs\appstarter\app\Controllers\Data_Surat_Masuk.php(46): App\Models\M_surat_masuk->tambah(Array)
#6 C:\xampp\htdocs\appstarter\vendor\codeigniter4\framework\system\CodeIgniter.php(918): App\Controllers\Data_Surat_Masuk->tambah()
#7 C:\xampp\htdocs\appstarter\vendor\codeigniter4\framework\system\CodeIgniter.php(404): CodeIgniter\CodeIgniter->runController(Object(App\Controllers\Data_Surat_Masuk))
#8 C:\xampp\htdocs\appstarter\vendor\codeigniter4\framework\system\CodeIgniter.php(312): CodeIgniter\CodeIgniter->handleRequest(NULL, Object(Config\Cache), false)
#9 C:\xampp\htdocs\appstarter\public\index.php(45): CodeIgniter\CodeIgniter->run()
#10 C:\xampp\htdocs\appstarter\vendor\codeigniter4\framework\system\Commands\Server\rewrite.php(34): require_once('C:\\xampp\\htdocs...')
#11 {main}
