CRITICAL - 2020-11-04 02:44:15 --> Unable to connect to the database.
#0 /opt/lampp/htdocs/appstarter/vendor/codeigniter4/framework/system/Database/BaseConnection.php(646): CodeIgniter\Database\BaseConnection->initialize()
#1 /opt/lampp/htdocs/appstarter/vendor/codeigniter4/framework/system/Database/BaseBuilder.php(1860): CodeIgniter\Database\BaseConnection->query('SELECT *\nFROM `...', Array, false)
#2 /opt/lampp/htdocs/appstarter/app/Models/M_user.php(16): CodeIgniter\Database\BaseBuilder->get()
#3 /opt/lampp/htdocs/appstarter/app/Controllers/Data_User.php(13): App\Models\M_user->user_list()
#4 /opt/lampp/htdocs/appstarter/vendor/codeigniter4/framework/system/CodeIgniter.php(918): App\Controllers\Data_User->index()
#5 /opt/lampp/htdocs/appstarter/vendor/codeigniter4/framework/system/CodeIgniter.php(404): CodeIgniter\CodeIgniter->runController(Object(App\Controllers\Data_User))
#6 /opt/lampp/htdocs/appstarter/vendor/codeigniter4/framework/system/CodeIgniter.php(312): CodeIgniter\CodeIgniter->handleRequest(NULL, Object(Config\Cache), false)
#7 /opt/lampp/htdocs/appstarter/public/index.php(45): CodeIgniter\CodeIgniter->run()
#8 /opt/lampp/htdocs/appstarter/vendor/codeigniter4/framework/system/Commands/Server/rewrite.php(34): require_once('/opt/lampp/htdo...')
#9 {main}
CRITICAL - 2020-11-04 02:44:42 --> Undefined variable: users
#0 /opt/lampp/htdocs/appstarter/app/Views/data_user/index.php(46): CodeIgniter\Debug\Exceptions->errorHandler(8, 'Undefined varia...', '/opt/lampp/htdo...', 46, Array)
#1 /opt/lampp/htdocs/appstarter/vendor/codeigniter4/framework/system/View/View.php(246): include('/opt/lampp/htdo...')
#2 /opt/lampp/htdocs/appstarter/vendor/codeigniter4/framework/system/Common.php(1119): CodeIgniter\View\View->render('data_user/index', Array, true)
#3 /opt/lampp/htdocs/appstarter/app/Controllers/Data_User.php(14): view('data_user/index')
#4 /opt/lampp/htdocs/appstarter/vendor/codeigniter4/framework/system/CodeIgniter.php(918): App\Controllers\Data_User->index()
#5 /opt/lampp/htdocs/appstarter/vendor/codeigniter4/framework/system/CodeIgniter.php(404): CodeIgniter\CodeIgniter->runController(Object(App\Controllers\Data_User))
#6 /opt/lampp/htdocs/appstarter/vendor/codeigniter4/framework/system/CodeIgniter.php(312): CodeIgniter\CodeIgniter->handleRequest(NULL, Object(Config\Cache), false)
#7 /opt/lampp/htdocs/appstarter/public/index.php(45): CodeIgniter\CodeIgniter->run()
#8 /opt/lampp/htdocs/appstarter/vendor/codeigniter4/framework/system/Commands/Server/rewrite.php(34): require_once('/opt/lampp/htdo...')
#9 {main}
CRITICAL - 2020-11-04 02:49:28 --> Unable to connect to the database.
#0 /opt/lampp/htdocs/appstarter/vendor/codeigniter4/framework/system/Database/BaseConnection.php(646): CodeIgniter\Database\BaseConnection->initialize()
#1 /opt/lampp/htdocs/appstarter/vendor/codeigniter4/framework/system/Database/BaseBuilder.php(1860): CodeIgniter\Database\BaseConnection->query('SELECT *\nFROM `...', Array, false)
#2 /opt/lampp/htdocs/appstarter/app/Models/M_user.php(16): CodeIgniter\Database\BaseBuilder->get()
#3 /opt/lampp/htdocs/appstarter/app/Controllers/Data_User.php(13): App\Models\M_user->user_list()
#4 /opt/lampp/htdocs/appstarter/vendor/codeigniter4/framework/system/CodeIgniter.php(918): App\Controllers\Data_User->index()
#5 /opt/lampp/htdocs/appstarter/vendor/codeigniter4/framework/system/CodeIgniter.php(404): CodeIgniter\CodeIgniter->runController(Object(App\Controllers\Data_User))
#6 /opt/lampp/htdocs/appstarter/vendor/codeigniter4/framework/system/CodeIgniter.php(312): CodeIgniter\CodeIgniter->handleRequest(NULL, Object(Config\Cache), false)
#7 /opt/lampp/htdocs/appstarter/public/index.php(45): CodeIgniter\CodeIgniter->run()
#8 /opt/lampp/htdocs/appstarter/vendor/codeigniter4/framework/system/Commands/Server/rewrite.php(34): require_once('/opt/lampp/htdo...')
#9 {main}
CRITICAL - 2020-11-04 02:50:02 --> Unable to connect to the database.
#0 /opt/lampp/htdocs/appstarter/vendor/codeigniter4/framework/system/Database/BaseConnection.php(646): CodeIgniter\Database\BaseConnection->initialize()
#1 /opt/lampp/htdocs/appstarter/vendor/codeigniter4/framework/system/Database/BaseBuilder.php(1860): CodeIgniter\Database\BaseConnection->query('SELECT *\nFROM `...', Array, false)
#2 /opt/lampp/htdocs/appstarter/app/Models/M_user.php(16): CodeIgniter\Database\BaseBuilder->get()
#3 /opt/lampp/htdocs/appstarter/app/Controllers/Data_User.php(13): App\Models\M_user->user_list()
#4 /opt/lampp/htdocs/appstarter/vendor/codeigniter4/framework/system/CodeIgniter.php(918): App\Controllers\Data_User->index()
#5 /opt/lampp/htdocs/appstarter/vendor/codeigniter4/framework/system/CodeIgniter.php(404): CodeIgniter\CodeIgniter->runController(Object(App\Controllers\Data_User))
#6 /opt/lampp/htdocs/appstarter/vendor/codeigniter4/framework/system/CodeIgniter.php(312): CodeIgniter\CodeIgniter->handleRequest(NULL, Object(Config\Cache), false)
#7 /opt/lampp/htdocs/appstarter/public/index.php(45): CodeIgniter\CodeIgniter->run()
#8 /opt/lampp/htdocs/appstarter/vendor/codeigniter4/framework/system/Commands/Server/rewrite.php(34): require_once('/opt/lampp/htdo...')
#9 {main}
CRITICAL - 2020-11-04 02:50:03 --> Unable to connect to the database.
#0 /opt/lampp/htdocs/appstarter/vendor/codeigniter4/framework/system/Database/BaseConnection.php(646): CodeIgniter\Database\BaseConnection->initialize()
#1 /opt/lampp/htdocs/appstarter/vendor/codeigniter4/framework/system/Database/BaseBuilder.php(1860): CodeIgniter\Database\BaseConnection->query('SELECT *\nFROM `...', Array, false)
#2 /opt/lampp/htdocs/appstarter/app/Models/M_user.php(16): CodeIgniter\Database\BaseBuilder->get()
#3 /opt/lampp/htdocs/appstarter/app/Controllers/Data_User.php(13): App\Models\M_user->user_list()
#4 /opt/lampp/htdocs/appstarter/vendor/codeigniter4/framework/system/CodeIgniter.php(918): App\Controllers\Data_User->index()
#5 /opt/lampp/htdocs/appstarter/vendor/codeigniter4/framework/system/CodeIgniter.php(404): CodeIgniter\CodeIgniter->runController(Object(App\Controllers\Data_User))
#6 /opt/lampp/htdocs/appstarter/vendor/codeigniter4/framework/system/CodeIgniter.php(312): CodeIgniter\CodeIgniter->handleRequest(NULL, Object(Config\Cache), false)
#7 /opt/lampp/htdocs/appstarter/public/index.php(45): CodeIgniter\CodeIgniter->run()
#8 /opt/lampp/htdocs/appstarter/vendor/codeigniter4/framework/system/Commands/Server/rewrite.php(34): require_once('/opt/lampp/htdo...')
#9 {main}
CRITICAL - 2020-11-04 07:04:57 --> Unable to connect to the database.
#0 /opt/lampp/htdocs/appstarter/vendor/codeigniter4/framework/system/Database/BaseConnection.php(646): CodeIgniter\Database\BaseConnection->initialize()
#1 /opt/lampp/htdocs/appstarter/vendor/codeigniter4/framework/system/Database/BaseBuilder.php(1860): CodeIgniter\Database\BaseConnection->query('SELECT *\nFROM `...', Array, false)
#2 /opt/lampp/htdocs/appstarter/app/Models/M_user.php(16): CodeIgniter\Database\BaseBuilder->get()
#3 /opt/lampp/htdocs/appstarter/app/Controllers/Data_User.php(13): App\Models\M_user->user_list()
#4 /opt/lampp/htdocs/appstarter/vendor/codeigniter4/framework/system/CodeIgniter.php(918): App\Controllers\Data_User->index()
#5 /opt/lampp/htdocs/appstarter/vendor/codeigniter4/framework/system/CodeIgniter.php(404): CodeIgniter\CodeIgniter->runController(Object(App\Controllers\Data_User))
#6 /opt/lampp/htdocs/appstarter/vendor/codeigniter4/framework/system/CodeIgniter.php(312): CodeIgniter\CodeIgniter->handleRequest(NULL, Object(Config\Cache), false)
#7 /opt/lampp/htdocs/appstarter/public/index.php(45): CodeIgniter\CodeIgniter->run()
#8 /opt/lampp/htdocs/appstarter/vendor/codeigniter4/framework/system/Commands/Server/rewrite.php(34): require_once('/opt/lampp/htdo...')
#9 {main}
CRITICAL - 2020-11-04 07:17:15 --> Unable to connect to the database.
#0 /opt/lampp/htdocs/appstarter/vendor/codeigniter4/framework/system/Database/BaseConnection.php(646): CodeIgniter\Database\BaseConnection->initialize()
#1 /opt/lampp/htdocs/appstarter/vendor/codeigniter4/framework/system/Database/BaseBuilder.php(1860): CodeIgniter\Database\BaseConnection->query('SELECT *\nFROM `...', Array, false)
#2 /opt/lampp/htdocs/appstarter/app/Models/M_user.php(16): CodeIgniter\Database\BaseBuilder->get()
#3 /opt/lampp/htdocs/appstarter/app/Controllers/Data_User.php(13): App\Models\M_user->user_list()
#4 /opt/lampp/htdocs/appstarter/vendor/codeigniter4/framework/system/CodeIgniter.php(918): App\Controllers\Data_User->index()
#5 /opt/lampp/htdocs/appstarter/vendor/codeigniter4/framework/system/CodeIgniter.php(404): CodeIgniter\CodeIgniter->runController(Object(App\Controllers\Data_User))
#6 /opt/lampp/htdocs/appstarter/vendor/codeigniter4/framework/system/CodeIgniter.php(312): CodeIgniter\CodeIgniter->handleRequest(NULL, Object(Config\Cache), false)
#7 /opt/lampp/htdocs/appstarter/public/index.php(45): CodeIgniter\CodeIgniter->run()
#8 /opt/lampp/htdocs/appstarter/vendor/codeigniter4/framework/system/Commands/Server/rewrite.php(34): require_once('/opt/lampp/htdo...')
#9 {main}
CRITICAL - 2020-11-04 07:17:16 --> Unable to connect to the database.
#0 /opt/lampp/htdocs/appstarter/vendor/codeigniter4/framework/system/Database/BaseConnection.php(646): CodeIgniter\Database\BaseConnection->initialize()
#1 /opt/lampp/htdocs/appstarter/vendor/codeigniter4/framework/system/Database/BaseBuilder.php(1860): CodeIgniter\Database\BaseConnection->query('SELECT *\nFROM `...', Array, false)
#2 /opt/lampp/htdocs/appstarter/app/Models/M_user.php(16): CodeIgniter\Database\BaseBuilder->get()
#3 /opt/lampp/htdocs/appstarter/app/Controllers/Data_User.php(13): App\Models\M_user->user_list()
#4 /opt/lampp/htdocs/appstarter/vendor/codeigniter4/framework/system/CodeIgniter.php(918): App\Controllers\Data_User->index()
#5 /opt/lampp/htdocs/appstarter/vendor/codeigniter4/framework/system/CodeIgniter.php(404): CodeIgniter\CodeIgniter->runController(Object(App\Controllers\Data_User))
#6 /opt/lampp/htdocs/appstarter/vendor/codeigniter4/framework/system/CodeIgniter.php(312): CodeIgniter\CodeIgniter->handleRequest(NULL, Object(Config\Cache), false)
#7 /opt/lampp/htdocs/appstarter/public/index.php(45): CodeIgniter\CodeIgniter->run()
#8 /opt/lampp/htdocs/appstarter/vendor/codeigniter4/framework/system/Commands/Server/rewrite.php(34): require_once('/opt/lampp/htdo...')
#9 {main}
CRITICAL - 2020-11-04 07:17:16 --> Unable to connect to the database.
#0 /opt/lampp/htdocs/appstarter/vendor/codeigniter4/framework/system/Database/BaseConnection.php(646): CodeIgniter\Database\BaseConnection->initialize()
#1 /opt/lampp/htdocs/appstarter/vendor/codeigniter4/framework/system/Database/BaseBuilder.php(1860): CodeIgniter\Database\BaseConnection->query('SELECT *\nFROM `...', Array, false)
#2 /opt/lampp/htdocs/appstarter/app/Models/M_user.php(16): CodeIgniter\Database\BaseBuilder->get()
#3 /opt/lampp/htdocs/appstarter/app/Controllers/Data_User.php(13): App\Models\M_user->user_list()
#4 /opt/lampp/htdocs/appstarter/vendor/codeigniter4/framework/system/CodeIgniter.php(918): App\Controllers\Data_User->index()
#5 /opt/lampp/htdocs/appstarter/vendor/codeigniter4/framework/system/CodeIgniter.php(404): CodeIgniter\CodeIgniter->runController(Object(App\Controllers\Data_User))
#6 /opt/lampp/htdocs/appstarter/vendor/codeigniter4/framework/system/CodeIgniter.php(312): CodeIgniter\CodeIgniter->handleRequest(NULL, Object(Config\Cache), false)
#7 /opt/lampp/htdocs/appstarter/public/index.php(45): CodeIgniter\CodeIgniter->run()
#8 /opt/lampp/htdocs/appstarter/vendor/codeigniter4/framework/system/Commands/Server/rewrite.php(34): require_once('/opt/lampp/htdo...')
#9 {main}
CRITICAL - 2020-11-04 07:17:16 --> Unable to connect to the database.
#0 /opt/lampp/htdocs/appstarter/vendor/codeigniter4/framework/system/Database/BaseConnection.php(646): CodeIgniter\Database\BaseConnection->initialize()
#1 /opt/lampp/htdocs/appstarter/vendor/codeigniter4/framework/system/Database/BaseBuilder.php(1860): CodeIgniter\Database\BaseConnection->query('SELECT *\nFROM `...', Array, false)
#2 /opt/lampp/htdocs/appstarter/app/Models/M_user.php(16): CodeIgniter\Database\BaseBuilder->get()
#3 /opt/lampp/htdocs/appstarter/app/Controllers/Data_User.php(13): App\Models\M_user->user_list()
#4 /opt/lampp/htdocs/appstarter/vendor/codeigniter4/framework/system/CodeIgniter.php(918): App\Controllers\Data_User->index()
#5 /opt/lampp/htdocs/appstarter/vendor/codeigniter4/framework/system/CodeIgniter.php(404): CodeIgniter\CodeIgniter->runController(Object(App\Controllers\Data_User))
#6 /opt/lampp/htdocs/appstarter/vendor/codeigniter4/framework/system/CodeIgniter.php(312): CodeIgniter\CodeIgniter->handleRequest(NULL, Object(Config\Cache), false)
#7 /opt/lampp/htdocs/appstarter/public/index.php(45): CodeIgniter\CodeIgniter->run()
#8 /opt/lampp/htdocs/appstarter/vendor/codeigniter4/framework/system/Commands/Server/rewrite.php(34): require_once('/opt/lampp/htdo...')
#9 {main}
CRITICAL - 2020-11-04 07:17:17 --> Unable to connect to the database.
#0 /opt/lampp/htdocs/appstarter/vendor/codeigniter4/framework/system/Database/BaseConnection.php(646): CodeIgniter\Database\BaseConnection->initialize()
#1 /opt/lampp/htdocs/appstarter/vendor/codeigniter4/framework/system/Database/BaseBuilder.php(1860): CodeIgniter\Database\BaseConnection->query('SELECT *\nFROM `...', Array, false)
#2 /opt/lampp/htdocs/appstarter/app/Models/M_user.php(16): CodeIgniter\Database\BaseBuilder->get()
#3 /opt/lampp/htdocs/appstarter/app/Controllers/Data_User.php(13): App\Models\M_user->user_list()
#4 /opt/lampp/htdocs/appstarter/vendor/codeigniter4/framework/system/CodeIgniter.php(918): App\Controllers\Data_User->index()
#5 /opt/lampp/htdocs/appstarter/vendor/codeigniter4/framework/system/CodeIgniter.php(404): CodeIgniter\CodeIgniter->runController(Object(App\Controllers\Data_User))
#6 /opt/lampp/htdocs/appstarter/vendor/codeigniter4/framework/system/CodeIgniter.php(312): CodeIgniter\CodeIgniter->handleRequest(NULL, Object(Config\Cache), false)
#7 /opt/lampp/htdocs/appstarter/public/index.php(45): CodeIgniter\CodeIgniter->run()
#8 /opt/lampp/htdocs/appstarter/vendor/codeigniter4/framework/system/Commands/Server/rewrite.php(34): require_once('/opt/lampp/htdo...')
#9 {main}
CRITICAL - 2020-11-04 07:17:17 --> Unable to connect to the database.
#0 /opt/lampp/htdocs/appstarter/vendor/codeigniter4/framework/system/Database/BaseConnection.php(646): CodeIgniter\Database\BaseConnection->initialize()
#1 /opt/lampp/htdocs/appstarter/vendor/codeigniter4/framework/system/Database/BaseBuilder.php(1860): CodeIgniter\Database\BaseConnection->query('SELECT *\nFROM `...', Array, false)
#2 /opt/lampp/htdocs/appstarter/app/Models/M_user.php(16): CodeIgniter\Database\BaseBuilder->get()
#3 /opt/lampp/htdocs/appstarter/app/Controllers/Data_User.php(13): App\Models\M_user->user_list()
#4 /opt/lampp/htdocs/appstarter/vendor/codeigniter4/framework/system/CodeIgniter.php(918): App\Controllers\Data_User->index()
#5 /opt/lampp/htdocs/appstarter/vendor/codeigniter4/framework/system/CodeIgniter.php(404): CodeIgniter\CodeIgniter->runController(Object(App\Controllers\Data_User))
#6 /opt/lampp/htdocs/appstarter/vendor/codeigniter4/framework/system/CodeIgniter.php(312): CodeIgniter\CodeIgniter->handleRequest(NULL, Object(Config\Cache), false)
#7 /opt/lampp/htdocs/appstarter/public/index.php(45): CodeIgniter\CodeIgniter->run()
#8 /opt/lampp/htdocs/appstarter/vendor/codeigniter4/framework/system/Commands/Server/rewrite.php(34): require_once('/opt/lampp/htdo...')
#9 {main}
CRITICAL - 2020-11-04 07:17:17 --> Unable to connect to the database.
#0 /opt/lampp/htdocs/appstarter/vendor/codeigniter4/framework/system/Database/BaseConnection.php(646): CodeIgniter\Database\BaseConnection->initialize()
#1 /opt/lampp/htdocs/appstarter/vendor/codeigniter4/framework/system/Database/BaseBuilder.php(1860): CodeIgniter\Database\BaseConnection->query('SELECT *\nFROM `...', Array, false)
#2 /opt/lampp/htdocs/appstarter/app/Models/M_user.php(16): CodeIgniter\Database\BaseBuilder->get()
#3 /opt/lampp/htdocs/appstarter/app/Controllers/Data_User.php(13): App\Models\M_user->user_list()
#4 /opt/lampp/htdocs/appstarter/vendor/codeigniter4/framework/system/CodeIgniter.php(918): App\Controllers\Data_User->index()
#5 /opt/lampp/htdocs/appstarter/vendor/codeigniter4/framework/system/CodeIgniter.php(404): CodeIgniter\CodeIgniter->runController(Object(App\Controllers\Data_User))
#6 /opt/lampp/htdocs/appstarter/vendor/codeigniter4/framework/system/CodeIgniter.php(312): CodeIgniter\CodeIgniter->handleRequest(NULL, Object(Config\Cache), false)
#7 /opt/lampp/htdocs/appstarter/public/index.php(45): CodeIgniter\CodeIgniter->run()
#8 /opt/lampp/htdocs/appstarter/vendor/codeigniter4/framework/system/Commands/Server/rewrite.php(34): require_once('/opt/lampp/htdo...')
#9 {main}
CRITICAL - 2020-11-04 07:17:18 --> Unable to connect to the database.
#0 /opt/lampp/htdocs/appstarter/vendor/codeigniter4/framework/system/Database/BaseConnection.php(646): CodeIgniter\Database\BaseConnection->initialize()
#1 /opt/lampp/htdocs/appstarter/vendor/codeigniter4/framework/system/Database/BaseBuilder.php(1860): CodeIgniter\Database\BaseConnection->query('SELECT *\nFROM `...', Array, false)
#2 /opt/lampp/htdocs/appstarter/app/Models/M_user.php(16): CodeIgniter\Database\BaseBuilder->get()
#3 /opt/lampp/htdocs/appstarter/app/Controllers/Data_User.php(13): App\Models\M_user->user_list()
#4 /opt/lampp/htdocs/appstarter/vendor/codeigniter4/framework/system/CodeIgniter.php(918): App\Controllers\Data_User->index()
#5 /opt/lampp/htdocs/appstarter/vendor/codeigniter4/framework/system/CodeIgniter.php(404): CodeIgniter\CodeIgniter->runController(Object(App\Controllers\Data_User))
#6 /opt/lampp/htdocs/appstarter/vendor/codeigniter4/framework/system/CodeIgniter.php(312): CodeIgniter\CodeIgniter->handleRequest(NULL, Object(Config\Cache), false)
#7 /opt/lampp/htdocs/appstarter/public/index.php(45): CodeIgniter\CodeIgniter->run()
#8 /opt/lampp/htdocs/appstarter/vendor/codeigniter4/framework/system/Commands/Server/rewrite.php(34): require_once('/opt/lampp/htdo...')
#9 {main}
CRITICAL - 2020-11-04 07:29:28 --> Unable to connect to the database.
#0 /opt/lampp/htdocs/appstarter/vendor/codeigniter4/framework/system/Database/BaseConnection.php(646): CodeIgniter\Database\BaseConnection->initialize()
#1 /opt/lampp/htdocs/appstarter/vendor/codeigniter4/framework/system/Database/BaseBuilder.php(1860): CodeIgniter\Database\BaseConnection->query('SELECT *\nFROM `...', Array, false)
#2 /opt/lampp/htdocs/appstarter/app/Models/M_user.php(16): CodeIgniter\Database\BaseBuilder->get()
#3 /opt/lampp/htdocs/appstarter/app/Controllers/Data_User.php(13): App\Models\M_user->user_list()
#4 /opt/lampp/htdocs/appstarter/vendor/codeigniter4/framework/system/CodeIgniter.php(918): App\Controllers\Data_User->index()
#5 /opt/lampp/htdocs/appstarter/vendor/codeigniter4/framework/system/CodeIgniter.php(404): CodeIgniter\CodeIgniter->runController(Object(App\Controllers\Data_User))
#6 /opt/lampp/htdocs/appstarter/vendor/codeigniter4/framework/system/CodeIgniter.php(312): CodeIgniter\CodeIgniter->handleRequest(NULL, Object(Config\Cache), false)
#7 /opt/lampp/htdocs/appstarter/public/index.php(45): CodeIgniter\CodeIgniter->run()
#8 /opt/lampp/htdocs/appstarter/vendor/codeigniter4/framework/system/Commands/Server/rewrite.php(34): require_once('/opt/lampp/htdo...')
#9 {main}
CRITICAL - 2020-11-04 07:29:28 --> Unable to connect to the database.
#0 /opt/lampp/htdocs/appstarter/vendor/codeigniter4/framework/system/Database/BaseConnection.php(646): CodeIgniter\Database\BaseConnection->initialize()
#1 /opt/lampp/htdocs/appstarter/vendor/codeigniter4/framework/system/Database/BaseBuilder.php(1860): CodeIgniter\Database\BaseConnection->query('SELECT *\nFROM `...', Array, false)
#2 /opt/lampp/htdocs/appstarter/app/Models/M_user.php(16): CodeIgniter\Database\BaseBuilder->get()
#3 /opt/lampp/htdocs/appstarter/app/Controllers/Data_User.php(13): App\Models\M_user->user_list()
#4 /opt/lampp/htdocs/appstarter/vendor/codeigniter4/framework/system/CodeIgniter.php(918): App\Controllers\Data_User->index()
#5 /opt/lampp/htdocs/appstarter/vendor/codeigniter4/framework/system/CodeIgniter.php(404): CodeIgniter\CodeIgniter->runController(Object(App\Controllers\Data_User))
#6 /opt/lampp/htdocs/appstarter/vendor/codeigniter4/framework/system/CodeIgniter.php(312): CodeIgniter\CodeIgniter->handleRequest(NULL, Object(Config\Cache), false)
#7 /opt/lampp/htdocs/appstarter/public/index.php(45): CodeIgniter\CodeIgniter->run()
#8 /opt/lampp/htdocs/appstarter/vendor/codeigniter4/framework/system/Commands/Server/rewrite.php(34): require_once('/opt/lampp/htdo...')
#9 {main}
CRITICAL - 2020-11-04 07:29:29 --> Unable to connect to the database.
#0 /opt/lampp/htdocs/appstarter/vendor/codeigniter4/framework/system/Database/BaseConnection.php(646): CodeIgniter\Database\BaseConnection->initialize()
#1 /opt/lampp/htdocs/appstarter/vendor/codeigniter4/framework/system/Database/BaseBuilder.php(1860): CodeIgniter\Database\BaseConnection->query('SELECT *\nFROM `...', Array, false)
#2 /opt/lampp/htdocs/appstarter/app/Models/M_user.php(16): CodeIgniter\Database\BaseBuilder->get()
#3 /opt/lampp/htdocs/appstarter/app/Controllers/Data_User.php(13): App\Models\M_user->user_list()
#4 /opt/lampp/htdocs/appstarter/vendor/codeigniter4/framework/system/CodeIgniter.php(918): App\Controllers\Data_User->index()
#5 /opt/lampp/htdocs/appstarter/vendor/codeigniter4/framework/system/CodeIgniter.php(404): CodeIgniter\CodeIgniter->runController(Object(App\Controllers\Data_User))
#6 /opt/lampp/htdocs/appstarter/vendor/codeigniter4/framework/system/CodeIgniter.php(312): CodeIgniter\CodeIgniter->handleRequest(NULL, Object(Config\Cache), false)
#7 /opt/lampp/htdocs/appstarter/public/index.php(45): CodeIgniter\CodeIgniter->run()
#8 /opt/lampp/htdocs/appstarter/vendor/codeigniter4/framework/system/Commands/Server/rewrite.php(34): require_once('/opt/lampp/htdo...')
#9 {main}
CRITICAL - 2020-11-04 07:29:29 --> Unable to connect to the database.
#0 /opt/lampp/htdocs/appstarter/vendor/codeigniter4/framework/system/Database/BaseConnection.php(646): CodeIgniter\Database\BaseConnection->initialize()
#1 /opt/lampp/htdocs/appstarter/vendor/codeigniter4/framework/system/Database/BaseBuilder.php(1860): CodeIgniter\Database\BaseConnection->query('SELECT *\nFROM `...', Array, false)
#2 /opt/lampp/htdocs/appstarter/app/Models/M_user.php(16): CodeIgniter\Database\BaseBuilder->get()
#3 /opt/lampp/htdocs/appstarter/app/Controllers/Data_User.php(13): App\Models\M_user->user_list()
#4 /opt/lampp/htdocs/appstarter/vendor/codeigniter4/framework/system/CodeIgniter.php(918): App\Controllers\Data_User->index()
#5 /opt/lampp/htdocs/appstarter/vendor/codeigniter4/framework/system/CodeIgniter.php(404): CodeIgniter\CodeIgniter->runController(Object(App\Controllers\Data_User))
#6 /opt/lampp/htdocs/appstarter/vendor/codeigniter4/framework/system/CodeIgniter.php(312): CodeIgniter\CodeIgniter->handleRequest(NULL, Object(Config\Cache), false)
#7 /opt/lampp/htdocs/appstarter/public/index.php(45): CodeIgniter\CodeIgniter->run()
#8 /opt/lampp/htdocs/appstarter/vendor/codeigniter4/framework/system/Commands/Server/rewrite.php(34): require_once('/opt/lampp/htdo...')
#9 {main}
CRITICAL - 2020-11-04 07:29:29 --> Unable to connect to the database.
#0 /opt/lampp/htdocs/appstarter/vendor/codeigniter4/framework/system/Database/BaseConnection.php(646): CodeIgniter\Database\BaseConnection->initialize()
#1 /opt/lampp/htdocs/appstarter/vendor/codeigniter4/framework/system/Database/BaseBuilder.php(1860): CodeIgniter\Database\BaseConnection->query('SELECT *\nFROM `...', Array, false)
#2 /opt/lampp/htdocs/appstarter/app/Models/M_user.php(16): CodeIgniter\Database\BaseBuilder->get()
#3 /opt/lampp/htdocs/appstarter/app/Controllers/Data_User.php(13): App\Models\M_user->user_list()
#4 /opt/lampp/htdocs/appstarter/vendor/codeigniter4/framework/system/CodeIgniter.php(918): App\Controllers\Data_User->index()
#5 /opt/lampp/htdocs/appstarter/vendor/codeigniter4/framework/system/CodeIgniter.php(404): CodeIgniter\CodeIgniter->runController(Object(App\Controllers\Data_User))
#6 /opt/lampp/htdocs/appstarter/vendor/codeigniter4/framework/system/CodeIgniter.php(312): CodeIgniter\CodeIgniter->handleRequest(NULL, Object(Config\Cache), false)
#7 /opt/lampp/htdocs/appstarter/public/index.php(45): CodeIgniter\CodeIgniter->run()
#8 /opt/lampp/htdocs/appstarter/vendor/codeigniter4/framework/system/Commands/Server/rewrite.php(34): require_once('/opt/lampp/htdo...')
#9 {main}
CRITICAL - 2020-11-04 07:29:30 --> Unable to connect to the database.
#0 /opt/lampp/htdocs/appstarter/vendor/codeigniter4/framework/system/Database/BaseConnection.php(646): CodeIgniter\Database\BaseConnection->initialize()
#1 /opt/lampp/htdocs/appstarter/vendor/codeigniter4/framework/system/Database/BaseBuilder.php(1860): CodeIgniter\Database\BaseConnection->query('SELECT *\nFROM `...', Array, false)
#2 /opt/lampp/htdocs/appstarter/app/Models/M_user.php(16): CodeIgniter\Database\BaseBuilder->get()
#3 /opt/lampp/htdocs/appstarter/app/Controllers/Data_User.php(13): App\Models\M_user->user_list()
#4 /opt/lampp/htdocs/appstarter/vendor/codeigniter4/framework/system/CodeIgniter.php(918): App\Controllers\Data_User->index()
#5 /opt/lampp/htdocs/appstarter/vendor/codeigniter4/framework/system/CodeIgniter.php(404): CodeIgniter\CodeIgniter->runController(Object(App\Controllers\Data_User))
#6 /opt/lampp/htdocs/appstarter/vendor/codeigniter4/framework/system/CodeIgniter.php(312): CodeIgniter\CodeIgniter->handleRequest(NULL, Object(Config\Cache), false)
#7 /opt/lampp/htdocs/appstarter/public/index.php(45): CodeIgniter\CodeIgniter->run()
#8 /opt/lampp/htdocs/appstarter/vendor/codeigniter4/framework/system/Commands/Server/rewrite.php(34): require_once('/opt/lampp/htdo...')
#9 {main}
CRITICAL - 2020-11-04 07:29:30 --> Unable to connect to the database.
#0 /opt/lampp/htdocs/appstarter/vendor/codeigniter4/framework/system/Database/BaseConnection.php(646): CodeIgniter\Database\BaseConnection->initialize()
#1 /opt/lampp/htdocs/appstarter/vendor/codeigniter4/framework/system/Database/BaseBuilder.php(1860): CodeIgniter\Database\BaseConnection->query('SELECT *\nFROM `...', Array, false)
#2 /opt/lampp/htdocs/appstarter/app/Models/M_user.php(16): CodeIgniter\Database\BaseBuilder->get()
#3 /opt/lampp/htdocs/appstarter/app/Controllers/Data_User.php(13): App\Models\M_user->user_list()
#4 /opt/lampp/htdocs/appstarter/vendor/codeigniter4/framework/system/CodeIgniter.php(918): App\Controllers\Data_User->index()
#5 /opt/lampp/htdocs/appstarter/vendor/codeigniter4/framework/system/CodeIgniter.php(404): CodeIgniter\CodeIgniter->runController(Object(App\Controllers\Data_User))
#6 /opt/lampp/htdocs/appstarter/vendor/codeigniter4/framework/system/CodeIgniter.php(312): CodeIgniter\CodeIgniter->handleRequest(NULL, Object(Config\Cache), false)
#7 /opt/lampp/htdocs/appstarter/public/index.php(45): CodeIgniter\CodeIgniter->run()
#8 /opt/lampp/htdocs/appstarter/vendor/codeigniter4/framework/system/Commands/Server/rewrite.php(34): require_once('/opt/lampp/htdo...')
#9 {main}
CRITICAL - 2020-11-04 07:29:30 --> Unable to connect to the database.
#0 /opt/lampp/htdocs/appstarter/vendor/codeigniter4/framework/system/Database/BaseConnection.php(646): CodeIgniter\Database\BaseConnection->initialize()
#1 /opt/lampp/htdocs/appstarter/vendor/codeigniter4/framework/system/Database/BaseBuilder.php(1860): CodeIgniter\Database\BaseConnection->query('SELECT *\nFROM `...', Array, false)
#2 /opt/lampp/htdocs/appstarter/app/Models/M_user.php(16): CodeIgniter\Database\BaseBuilder->get()
#3 /opt/lampp/htdocs/appstarter/app/Controllers/Data_User.php(13): App\Models\M_user->user_list()
#4 /opt/lampp/htdocs/appstarter/vendor/codeigniter4/framework/system/CodeIgniter.php(918): App\Controllers\Data_User->index()
#5 /opt/lampp/htdocs/appstarter/vendor/codeigniter4/framework/system/CodeIgniter.php(404): CodeIgniter\CodeIgniter->runController(Object(App\Controllers\Data_User))
#6 /opt/lampp/htdocs/appstarter/vendor/codeigniter4/framework/system/CodeIgniter.php(312): CodeIgniter\CodeIgniter->handleRequest(NULL, Object(Config\Cache), false)
#7 /opt/lampp/htdocs/appstarter/public/index.php(45): CodeIgniter\CodeIgniter->run()
#8 /opt/lampp/htdocs/appstarter/vendor/codeigniter4/framework/system/Commands/Server/rewrite.php(34): require_once('/opt/lampp/htdo...')
#9 {main}
CRITICAL - 2020-11-04 07:29:30 --> Unable to connect to the database.
#0 /opt/lampp/htdocs/appstarter/vendor/codeigniter4/framework/system/Database/BaseConnection.php(646): CodeIgniter\Database\BaseConnection->initialize()
#1 /opt/lampp/htdocs/appstarter/vendor/codeigniter4/framework/system/Database/BaseBuilder.php(1860): CodeIgniter\Database\BaseConnection->query('SELECT *\nFROM `...', Array, false)
#2 /opt/lampp/htdocs/appstarter/app/Models/M_user.php(16): CodeIgniter\Database\BaseBuilder->get()
#3 /opt/lampp/htdocs/appstarter/app/Controllers/Data_User.php(13): App\Models\M_user->user_list()
#4 /opt/lampp/htdocs/appstarter/vendor/codeigniter4/framework/system/CodeIgniter.php(918): App\Controllers\Data_User->index()
#5 /opt/lampp/htdocs/appstarter/vendor/codeigniter4/framework/system/CodeIgniter.php(404): CodeIgniter\CodeIgniter->runController(Object(App\Controllers\Data_User))
#6 /opt/lampp/htdocs/appstarter/vendor/codeigniter4/framework/system/CodeIgniter.php(312): CodeIgniter\CodeIgniter->handleRequest(NULL, Object(Config\Cache), false)
#7 /opt/lampp/htdocs/appstarter/public/index.php(45): CodeIgniter\CodeIgniter->run()
#8 /opt/lampp/htdocs/appstarter/vendor/codeigniter4/framework/system/Commands/Server/rewrite.php(34): require_once('/opt/lampp/htdo...')
#9 {main}
CRITICAL - 2020-11-04 07:29:31 --> Unable to connect to the database.
#0 /opt/lampp/htdocs/appstarter/vendor/codeigniter4/framework/system/Database/BaseConnection.php(646): CodeIgniter\Database\BaseConnection->initialize()
#1 /opt/lampp/htdocs/appstarter/vendor/codeigniter4/framework/system/Database/BaseBuilder.php(1860): CodeIgniter\Database\BaseConnection->query('SELECT *\nFROM `...', Array, false)
#2 /opt/lampp/htdocs/appstarter/app/Models/M_user.php(16): CodeIgniter\Database\BaseBuilder->get()
#3 /opt/lampp/htdocs/appstarter/app/Controllers/Data_User.php(13): App\Models\M_user->user_list()
#4 /opt/lampp/htdocs/appstarter/vendor/codeigniter4/framework/system/CodeIgniter.php(918): App\Controllers\Data_User->index()
#5 /opt/lampp/htdocs/appstarter/vendor/codeigniter4/framework/system/CodeIgniter.php(404): CodeIgniter\CodeIgniter->runController(Object(App\Controllers\Data_User))
#6 /opt/lampp/htdocs/appstarter/vendor/codeigniter4/framework/system/CodeIgniter.php(312): CodeIgniter\CodeIgniter->handleRequest(NULL, Object(Config\Cache), false)
#7 /opt/lampp/htdocs/appstarter/public/index.php(45): CodeIgniter\CodeIgniter->run()
#8 /opt/lampp/htdocs/appstarter/vendor/codeigniter4/framework/system/Commands/Server/rewrite.php(34): require_once('/opt/lampp/htdo...')
#9 {main}
CRITICAL - 2020-11-04 07:29:31 --> Unable to connect to the database.
#0 /opt/lampp/htdocs/appstarter/vendor/codeigniter4/framework/system/Database/BaseConnection.php(646): CodeIgniter\Database\BaseConnection->initialize()
#1 /opt/lampp/htdocs/appstarter/vendor/codeigniter4/framework/system/Database/BaseBuilder.php(1860): CodeIgniter\Database\BaseConnection->query('SELECT *\nFROM `...', Array, false)
#2 /opt/lampp/htdocs/appstarter/app/Models/M_user.php(16): CodeIgniter\Database\BaseBuilder->get()
#3 /opt/lampp/htdocs/appstarter/app/Controllers/Data_User.php(13): App\Models\M_user->user_list()
#4 /opt/lampp/htdocs/appstarter/vendor/codeigniter4/framework/system/CodeIgniter.php(918): App\Controllers\Data_User->index()
#5 /opt/lampp/htdocs/appstarter/vendor/codeigniter4/framework/system/CodeIgniter.php(404): CodeIgniter\CodeIgniter->runController(Object(App\Controllers\Data_User))
#6 /opt/lampp/htdocs/appstarter/vendor/codeigniter4/framework/system/CodeIgniter.php(312): CodeIgniter\CodeIgniter->handleRequest(NULL, Object(Config\Cache), false)
#7 /opt/lampp/htdocs/appstarter/public/index.php(45): CodeIgniter\CodeIgniter->run()
#8 /opt/lampp/htdocs/appstarter/vendor/codeigniter4/framework/system/Commands/Server/rewrite.php(34): require_once('/opt/lampp/htdo...')
#9 {main}
CRITICAL - 2020-11-04 07:36:40 --> Unable to connect to the database.
#0 /opt/lampp/htdocs/appstarter/vendor/codeigniter4/framework/system/Database/BaseConnection.php(646): CodeIgniter\Database\BaseConnection->initialize()
#1 /opt/lampp/htdocs/appstarter/vendor/codeigniter4/framework/system/Database/BaseBuilder.php(1860): CodeIgniter\Database\BaseConnection->query('SELECT *\nFROM `...', Array, false)
#2 /opt/lampp/htdocs/appstarter/app/Models/M_user.php(16): CodeIgniter\Database\BaseBuilder->get()
#3 /opt/lampp/htdocs/appstarter/app/Controllers/Data_User.php(13): App\Models\M_user->user_list()
#4 /opt/lampp/htdocs/appstarter/vendor/codeigniter4/framework/system/CodeIgniter.php(918): App\Controllers\Data_User->index()
#5 /opt/lampp/htdocs/appstarter/vendor/codeigniter4/framework/system/CodeIgniter.php(404): CodeIgniter\CodeIgniter->runController(Object(App\Controllers\Data_User))
#6 /opt/lampp/htdocs/appstarter/vendor/codeigniter4/framework/system/CodeIgniter.php(312): CodeIgniter\CodeIgniter->handleRequest(NULL, Object(Config\Cache), false)
#7 /opt/lampp/htdocs/appstarter/public/index.php(45): CodeIgniter\CodeIgniter->run()
#8 /opt/lampp/htdocs/appstarter/vendor/codeigniter4/framework/system/Commands/Server/rewrite.php(34): require_once('/opt/lampp/htdo...')
#9 {main}
CRITICAL - 2020-11-04 07:36:41 --> Unable to connect to the database.
#0 /opt/lampp/htdocs/appstarter/vendor/codeigniter4/framework/system/Database/BaseConnection.php(646): CodeIgniter\Database\BaseConnection->initialize()
#1 /opt/lampp/htdocs/appstarter/vendor/codeigniter4/framework/system/Database/BaseBuilder.php(1860): CodeIgniter\Database\BaseConnection->query('SELECT *\nFROM `...', Array, false)
#2 /opt/lampp/htdocs/appstarter/app/Models/M_user.php(16): CodeIgniter\Database\BaseBuilder->get()
#3 /opt/lampp/htdocs/appstarter/app/Controllers/Data_User.php(13): App\Models\M_user->user_list()
#4 /opt/lampp/htdocs/appstarter/vendor/codeigniter4/framework/system/CodeIgniter.php(918): App\Controllers\Data_User->index()
#5 /opt/lampp/htdocs/appstarter/vendor/codeigniter4/framework/system/CodeIgniter.php(404): CodeIgniter\CodeIgniter->runController(Object(App\Controllers\Data_User))
#6 /opt/lampp/htdocs/appstarter/vendor/codeigniter4/framework/system/CodeIgniter.php(312): CodeIgniter\CodeIgniter->handleRequest(NULL, Object(Config\Cache), false)
#7 /opt/lampp/htdocs/appstarter/public/index.php(45): CodeIgniter\CodeIgniter->run()
#8 /opt/lampp/htdocs/appstarter/vendor/codeigniter4/framework/system/Commands/Server/rewrite.php(34): require_once('/opt/lampp/htdo...')
#9 {main}
CRITICAL - 2020-11-04 07:36:41 --> Unable to connect to the database.
#0 /opt/lampp/htdocs/appstarter/vendor/codeigniter4/framework/system/Database/BaseConnection.php(646): CodeIgniter\Database\BaseConnection->initialize()
#1 /opt/lampp/htdocs/appstarter/vendor/codeigniter4/framework/system/Database/BaseBuilder.php(1860): CodeIgniter\Database\BaseConnection->query('SELECT *\nFROM `...', Array, false)
#2 /opt/lampp/htdocs/appstarter/app/Models/M_user.php(16): CodeIgniter\Database\BaseBuilder->get()
#3 /opt/lampp/htdocs/appstarter/app/Controllers/Data_User.php(13): App\Models\M_user->user_list()
#4 /opt/lampp/htdocs/appstarter/vendor/codeigniter4/framework/system/CodeIgniter.php(918): App\Controllers\Data_User->index()
#5 /opt/lampp/htdocs/appstarter/vendor/codeigniter4/framework/system/CodeIgniter.php(404): CodeIgniter\CodeIgniter->runController(Object(App\Controllers\Data_User))
#6 /opt/lampp/htdocs/appstarter/vendor/codeigniter4/framework/system/CodeIgniter.php(312): CodeIgniter\CodeIgniter->handleRequest(NULL, Object(Config\Cache), false)
#7 /opt/lampp/htdocs/appstarter/public/index.php(45): CodeIgniter\CodeIgniter->run()
#8 /opt/lampp/htdocs/appstarter/vendor/codeigniter4/framework/system/Commands/Server/rewrite.php(34): require_once('/opt/lampp/htdo...')
#9 {main}
CRITICAL - 2020-11-04 07:36:42 --> Unable to connect to the database.
#0 /opt/lampp/htdocs/appstarter/vendor/codeigniter4/framework/system/Database/BaseConnection.php(646): CodeIgniter\Database\BaseConnection->initialize()
#1 /opt/lampp/htdocs/appstarter/vendor/codeigniter4/framework/system/Database/BaseBuilder.php(1860): CodeIgniter\Database\BaseConnection->query('SELECT *\nFROM `...', Array, false)
#2 /opt/lampp/htdocs/appstarter/app/Models/M_user.php(16): CodeIgniter\Database\BaseBuilder->get()
#3 /opt/lampp/htdocs/appstarter/app/Controllers/Data_User.php(13): App\Models\M_user->user_list()
#4 /opt/lampp/htdocs/appstarter/vendor/codeigniter4/framework/system/CodeIgniter.php(918): App\Controllers\Data_User->index()
#5 /opt/lampp/htdocs/appstarter/vendor/codeigniter4/framework/system/CodeIgniter.php(404): CodeIgniter\CodeIgniter->runController(Object(App\Controllers\Data_User))
#6 /opt/lampp/htdocs/appstarter/vendor/codeigniter4/framework/system/CodeIgniter.php(312): CodeIgniter\CodeIgniter->handleRequest(NULL, Object(Config\Cache), false)
#7 /opt/lampp/htdocs/appstarter/public/index.php(45): CodeIgniter\CodeIgniter->run()
#8 /opt/lampp/htdocs/appstarter/vendor/codeigniter4/framework/system/Commands/Server/rewrite.php(34): require_once('/opt/lampp/htdo...')
#9 {main}
CRITICAL - 2020-11-04 07:36:42 --> Unable to connect to the database.
#0 /opt/lampp/htdocs/appstarter/vendor/codeigniter4/framework/system/Database/BaseConnection.php(646): CodeIgniter\Database\BaseConnection->initialize()
#1 /opt/lampp/htdocs/appstarter/vendor/codeigniter4/framework/system/Database/BaseBuilder.php(1860): CodeIgniter\Database\BaseConnection->query('SELECT *\nFROM `...', Array, false)
#2 /opt/lampp/htdocs/appstarter/app/Models/M_user.php(16): CodeIgniter\Database\BaseBuilder->get()
#3 /opt/lampp/htdocs/appstarter/app/Controllers/Data_User.php(13): App\Models\M_user->user_list()
#4 /opt/lampp/htdocs/appstarter/vendor/codeigniter4/framework/system/CodeIgniter.php(918): App\Controllers\Data_User->index()
#5 /opt/lampp/htdocs/appstarter/vendor/codeigniter4/framework/system/CodeIgniter.php(404): CodeIgniter\CodeIgniter->runController(Object(App\Controllers\Data_User))
#6 /opt/lampp/htdocs/appstarter/vendor/codeigniter4/framework/system/CodeIgniter.php(312): CodeIgniter\CodeIgniter->handleRequest(NULL, Object(Config\Cache), false)
#7 /opt/lampp/htdocs/appstarter/public/index.php(45): CodeIgniter\CodeIgniter->run()
#8 /opt/lampp/htdocs/appstarter/vendor/codeigniter4/framework/system/Commands/Server/rewrite.php(34): require_once('/opt/lampp/htdo...')
#9 {main}
CRITICAL - 2020-11-04 07:50:11 --> Table 'db_forum_deiyai.data_diri' doesn't exist
#0 /opt/lampp/htdocs/appstarter/vendor/codeigniter4/framework/system/Database/MySQLi/Connection.php(331): mysqli->query('SELECT *\nFROM `...')
#1 /opt/lampp/htdocs/appstarter/vendor/codeigniter4/framework/system/Database/BaseConnection.php(741): CodeIgniter\Database\MySQLi\Connection->execute('SELECT *\nFROM `...')
#2 /opt/lampp/htdocs/appstarter/vendor/codeigniter4/framework/system/Database/BaseConnection.php(669): CodeIgniter\Database\BaseConnection->simpleQuery('SELECT *\nFROM `...')
#3 /opt/lampp/htdocs/appstarter/vendor/codeigniter4/framework/system/Database/BaseBuilder.php(1860): CodeIgniter\Database\BaseConnection->query('SELECT *\nFROM `...', Array, false)
#4 /opt/lampp/htdocs/appstarter/app/Models/M_data_diri.php(16): CodeIgniter\Database\BaseBuilder->get()
#5 /opt/lampp/htdocs/appstarter/app/Controllers/Data_Diri.php(13): App\Models\M_data_diri->data_diri_list()
#6 /opt/lampp/htdocs/appstarter/vendor/codeigniter4/framework/system/CodeIgniter.php(918): App\Controllers\Data_Diri->index()
#7 /opt/lampp/htdocs/appstarter/vendor/codeigniter4/framework/system/CodeIgniter.php(404): CodeIgniter\CodeIgniter->runController(Object(App\Controllers\Data_Diri))
#8 /opt/lampp/htdocs/appstarter/vendor/codeigniter4/framework/system/CodeIgniter.php(312): CodeIgniter\CodeIgniter->handleRequest(NULL, Object(Config\Cache), false)
#9 /opt/lampp/htdocs/appstarter/public/index.php(45): CodeIgniter\CodeIgniter->run()
#10 /opt/lampp/htdocs/appstarter/vendor/codeigniter4/framework/system/Commands/Server/rewrite.php(34): require_once('/opt/lampp/htdo...')
#11 {main}
CRITICAL - 2020-11-04 09:44:04 --> Allowed fields must be specified for model: App\Models\M_user
#0 /opt/lampp/htdocs/appstarter/vendor/codeigniter4/framework/system/Model.php(1265): CodeIgniter\Database\Exceptions\DataException::forInvalidAllowedFields('App\\Models\\M_us...')
#1 /opt/lampp/htdocs/appstarter/vendor/codeigniter4/framework/system/Model.php(735): CodeIgniter\Model->doProtectFields(Array)
#2 /opt/lampp/htdocs/appstarter/vendor/codeigniter4/framework/system/Model.php(574): CodeIgniter\Model->insert(Array, false)
#3 /opt/lampp/htdocs/appstarter/app/Models/M_user.php(21): CodeIgniter\Model->save(Array)
#4 /opt/lampp/htdocs/appstarter/app/Controllers/Data_User.php(36): App\Models\M_user->tambah(Array)
#5 /opt/lampp/htdocs/appstarter/vendor/codeigniter4/framework/system/CodeIgniter.php(918): App\Controllers\Data_User->tambah()
#6 /opt/lampp/htdocs/appstarter/vendor/codeigniter4/framework/system/CodeIgniter.php(404): CodeIgniter\CodeIgniter->runController(Object(App\Controllers\Data_User))
#7 /opt/lampp/htdocs/appstarter/vendor/codeigniter4/framework/system/CodeIgniter.php(312): CodeIgniter\CodeIgniter->handleRequest(NULL, Object(Config\Cache), false)
#8 /opt/lampp/htdocs/appstarter/public/index.php(45): CodeIgniter\CodeIgniter->run()
#9 /opt/lampp/htdocs/appstarter/vendor/codeigniter4/framework/system/Commands/Server/rewrite.php(34): require_once('/opt/lampp/htdo...')
#10 {main}
CRITICAL - 2020-11-04 09:47:17 --> Allowed fields must be specified for model: App\Models\M_user
#0 /opt/lampp/htdocs/appstarter/vendor/codeigniter4/framework/system/Model.php(1265): CodeIgniter\Database\Exceptions\DataException::forInvalidAllowedFields('App\\Models\\M_us...')
#1 /opt/lampp/htdocs/appstarter/vendor/codeigniter4/framework/system/Model.php(735): CodeIgniter\Model->doProtectFields(Array)
#2 /opt/lampp/htdocs/appstarter/vendor/codeigniter4/framework/system/Model.php(574): CodeIgniter\Model->insert(Array, false)
#3 /opt/lampp/htdocs/appstarter/app/Models/M_user.php(21): CodeIgniter\Model->save(Array)
#4 /opt/lampp/htdocs/appstarter/app/Controllers/Data_User.php(36): App\Models\M_user->tambah(Array)
#5 /opt/lampp/htdocs/appstarter/vendor/codeigniter4/framework/system/CodeIgniter.php(918): App\Controllers\Data_User->tambah()
#6 /opt/lampp/htdocs/appstarter/vendor/codeigniter4/framework/system/CodeIgniter.php(404): CodeIgniter\CodeIgniter->runController(Object(App\Controllers\Data_User))
#7 /opt/lampp/htdocs/appstarter/vendor/codeigniter4/framework/system/CodeIgniter.php(312): CodeIgniter\CodeIgniter->handleRequest(NULL, Object(Config\Cache), false)
#8 /opt/lampp/htdocs/appstarter/public/index.php(45): CodeIgniter\CodeIgniter->run()
#9 /opt/lampp/htdocs/appstarter/vendor/codeigniter4/framework/system/Commands/Server/rewrite.php(34): require_once('/opt/lampp/htdo...')
#10 {main}
CRITICAL - 2020-11-04 09:55:58 --> Call to undefined method CodeIgniter\Router\RouteCollection::del()
#0 /opt/lampp/htdocs/appstarter/vendor/codeigniter4/framework/system/CodeIgniter.php(780): require()
#1 /opt/lampp/htdocs/appstarter/vendor/codeigniter4/framework/system/CodeIgniter.php(364): CodeIgniter\CodeIgniter->tryToRouteIt(Object(CodeIgniter\Router\RouteCollection))
#2 /opt/lampp/htdocs/appstarter/vendor/codeigniter4/framework/system/CodeIgniter.php(312): CodeIgniter\CodeIgniter->handleRequest(NULL, Object(Config\Cache), false)
#3 /opt/lampp/htdocs/appstarter/public/index.php(45): CodeIgniter\CodeIgniter->run()
#4 /opt/lampp/htdocs/appstarter/vendor/codeigniter4/framework/system/Commands/Server/rewrite.php(34): require_once('/opt/lampp/htdo...')
#5 {main}
CRITICAL - 2020-11-04 09:56:00 --> Call to undefined method CodeIgniter\Router\RouteCollection::del()
#0 /opt/lampp/htdocs/appstarter/vendor/codeigniter4/framework/system/CodeIgniter.php(780): require()
#1 /opt/lampp/htdocs/appstarter/vendor/codeigniter4/framework/system/CodeIgniter.php(364): CodeIgniter\CodeIgniter->tryToRouteIt(Object(CodeIgniter\Router\RouteCollection))
#2 /opt/lampp/htdocs/appstarter/vendor/codeigniter4/framework/system/CodeIgniter.php(312): CodeIgniter\CodeIgniter->handleRequest(NULL, Object(Config\Cache), false)
#3 /opt/lampp/htdocs/appstarter/public/index.php(45): CodeIgniter\CodeIgniter->run()
#4 /opt/lampp/htdocs/appstarter/vendor/codeigniter4/framework/system/Commands/Server/rewrite.php(34): require_once('/opt/lampp/htdo...')
#5 {main}
CRITICAL - 2020-11-04 09:56:00 --> Call to undefined method CodeIgniter\Router\RouteCollection::del()
#0 /opt/lampp/htdocs/appstarter/vendor/codeigniter4/framework/system/CodeIgniter.php(780): require()
#1 /opt/lampp/htdocs/appstarter/vendor/codeigniter4/framework/system/CodeIgniter.php(364): CodeIgniter\CodeIgniter->tryToRouteIt(Object(CodeIgniter\Router\RouteCollection))
#2 /opt/lampp/htdocs/appstarter/vendor/codeigniter4/framework/system/CodeIgniter.php(312): CodeIgniter\CodeIgniter->handleRequest(NULL, Object(Config\Cache), false)
#3 /opt/lampp/htdocs/appstarter/public/index.php(45): CodeIgniter\CodeIgniter->run()
#4 /opt/lampp/htdocs/appstarter/vendor/codeigniter4/framework/system/Commands/Server/rewrite.php(34): require_once('/opt/lampp/htdo...')
#5 {main}
CRITICAL - 2020-11-04 09:56:02 --> Call to undefined method CodeIgniter\Router\RouteCollection::del()
#0 /opt/lampp/htdocs/appstarter/vendor/codeigniter4/framework/system/CodeIgniter.php(780): require()
#1 /opt/lampp/htdocs/appstarter/vendor/codeigniter4/framework/system/CodeIgniter.php(364): CodeIgniter\CodeIgniter->tryToRouteIt(Object(CodeIgniter\Router\RouteCollection))
#2 /opt/lampp/htdocs/appstarter/vendor/codeigniter4/framework/system/CodeIgniter.php(312): CodeIgniter\CodeIgniter->handleRequest(NULL, Object(Config\Cache), false)
#3 /opt/lampp/htdocs/appstarter/public/index.php(45): CodeIgniter\CodeIgniter->run()
#4 /opt/lampp/htdocs/appstarter/vendor/codeigniter4/framework/system/Commands/Server/rewrite.php(34): require_once('/opt/lampp/htdo...')
#5 {main}
CRITICAL - 2020-11-04 09:56:02 --> Call to undefined method CodeIgniter\Router\RouteCollection::del()
#0 /opt/lampp/htdocs/appstarter/vendor/codeigniter4/framework/system/CodeIgniter.php(780): require()
#1 /opt/lampp/htdocs/appstarter/vendor/codeigniter4/framework/system/CodeIgniter.php(364): CodeIgniter\CodeIgniter->tryToRouteIt(Object(CodeIgniter\Router\RouteCollection))
#2 /opt/lampp/htdocs/appstarter/vendor/codeigniter4/framework/system/CodeIgniter.php(312): CodeIgniter\CodeIgniter->handleRequest(NULL, Object(Config\Cache), false)
#3 /opt/lampp/htdocs/appstarter/public/index.php(45): CodeIgniter\CodeIgniter->run()
#4 /opt/lampp/htdocs/appstarter/vendor/codeigniter4/framework/system/Commands/Server/rewrite.php(34): require_once('/opt/lampp/htdo...')
#5 {main}
CRITICAL - 2020-11-04 09:56:02 --> Call to undefined method CodeIgniter\Router\RouteCollection::del()
#0 /opt/lampp/htdocs/appstarter/vendor/codeigniter4/framework/system/CodeIgniter.php(780): require()
#1 /opt/lampp/htdocs/appstarter/vendor/codeigniter4/framework/system/CodeIgniter.php(364): CodeIgniter\CodeIgniter->tryToRouteIt(Object(CodeIgniter\Router\RouteCollection))
#2 /opt/lampp/htdocs/appstarter/vendor/codeigniter4/framework/system/CodeIgniter.php(312): CodeIgniter\CodeIgniter->handleRequest(NULL, Object(Config\Cache), false)
#3 /opt/lampp/htdocs/appstarter/public/index.php(45): CodeIgniter\CodeIgniter->run()
#4 /opt/lampp/htdocs/appstarter/vendor/codeigniter4/framework/system/Commands/Server/rewrite.php(34): require_once('/opt/lampp/htdo...')
#5 {main}
CRITICAL - 2020-11-04 21:39:31 --> Cannot use empty array elements in arrays
#0 [internal function]: CodeIgniter\Debug\Exceptions->shutdownHandler()
#1 {main}
CRITICAL - 2020-11-04 23:01:27 --> Class 'App\Controllers\M_user' not found
#0 /opt/lampp/htdocs/appstarter/vendor/codeigniter4/framework/system/CodeIgniter.php(918): App\Controllers\Data_Diri->edit('3')
#1 /opt/lampp/htdocs/appstarter/vendor/codeigniter4/framework/system/CodeIgniter.php(404): CodeIgniter\CodeIgniter->runController(Object(App\Controllers\Data_Diri))
#2 /opt/lampp/htdocs/appstarter/vendor/codeigniter4/framework/system/CodeIgniter.php(312): CodeIgniter\CodeIgniter->handleRequest(NULL, Object(Config\Cache), false)
#3 /opt/lampp/htdocs/appstarter/public/index.php(45): CodeIgniter\CodeIgniter->run()
#4 /opt/lampp/htdocs/appstarter/vendor/codeigniter4/framework/system/Commands/Server/rewrite.php(34): require_once('/opt/lampp/htdo...')
#5 {main}
CRITICAL - 2020-11-04 23:02:02 --> Undefined index: username
#0 /opt/lampp/htdocs/appstarter/app/Views/data_user/edit.php(45): CodeIgniter\Debug\Exceptions->errorHandler(8, 'Undefined index...', '/opt/lampp/htdo...', 45, Array)
#1 /opt/lampp/htdocs/appstarter/vendor/codeigniter4/framework/system/View/View.php(246): include('/opt/lampp/htdo...')
#2 /opt/lampp/htdocs/appstarter/vendor/codeigniter4/framework/system/Common.php(1119): CodeIgniter\View\View->render('data_user/edit', Array, true)
#3 /opt/lampp/htdocs/appstarter/app/Controllers/Data_Diri.php(95): view('data_user/edit', Array)
#4 /opt/lampp/htdocs/appstarter/vendor/codeigniter4/framework/system/CodeIgniter.php(918): App\Controllers\Data_Diri->edit('3')
#5 /opt/lampp/htdocs/appstarter/vendor/codeigniter4/framework/system/CodeIgniter.php(404): CodeIgniter\CodeIgniter->runController(Object(App\Controllers\Data_Diri))
#6 /opt/lampp/htdocs/appstarter/vendor/codeigniter4/framework/system/CodeIgniter.php(312): CodeIgniter\CodeIgniter->handleRequest(NULL, Object(Config\Cache), false)
#7 /opt/lampp/htdocs/appstarter/public/index.php(45): CodeIgniter\CodeIgniter->run()
#8 /opt/lampp/htdocs/appstarter/vendor/codeigniter4/framework/system/Commands/Server/rewrite.php(34): require_once('/opt/lampp/htdo...')
#9 {main}
CRITICAL - 2020-11-04 23:03:10 --> Undefined index: username
#0 /opt/lampp/htdocs/appstarter/app/Views/data_user/edit.php(45): CodeIgniter\Debug\Exceptions->errorHandler(8, 'Undefined index...', '/opt/lampp/htdo...', 45, Array)
#1 /opt/lampp/htdocs/appstarter/vendor/codeigniter4/framework/system/View/View.php(246): include('/opt/lampp/htdo...')
#2 /opt/lampp/htdocs/appstarter/vendor/codeigniter4/framework/system/Common.php(1119): CodeIgniter\View\View->render('data_user/edit', Array, true)
#3 /opt/lampp/htdocs/appstarter/app/Controllers/Data_Diri.php(95): view('data_user/edit', Array)
#4 /opt/lampp/htdocs/appstarter/vendor/codeigniter4/framework/system/CodeIgniter.php(918): App\Controllers\Data_Diri->edit('3')
#5 /opt/lampp/htdocs/appstarter/vendor/codeigniter4/framework/system/CodeIgniter.php(404): CodeIgniter\CodeIgniter->runController(Object(App\Controllers\Data_Diri))
#6 /opt/lampp/htdocs/appstarter/vendor/codeigniter4/framework/system/CodeIgniter.php(312): CodeIgniter\CodeIgniter->handleRequest(NULL, Object(Config\Cache), false)
#7 /opt/lampp/htdocs/appstarter/public/index.php(45): CodeIgniter\CodeIgniter->run()
#8 /opt/lampp/htdocs/appstarter/vendor/codeigniter4/framework/system/Commands/Server/rewrite.php(34): require_once('/opt/lampp/htdo...')
#9 {main}
