CRITICAL - 2020-11-08 01:21:50 --> Undefined variable: surat_keluar
#0 /opt/lampp/htdocs/appstarter/app/Views/data_surat_keluar/index.php(49): CodeIgniter\Debug\Exceptions->errorHandler(8, 'Undefined varia...', '/opt/lampp/htdo...', 49, Array)
#1 /opt/lampp/htdocs/appstarter/vendor/codeigniter4/framework/system/View/View.php(246): include('/opt/lampp/htdo...')
#2 /opt/lampp/htdocs/appstarter/vendor/codeigniter4/framework/system/Common.php(1119): CodeIgniter\View\View->render('data_surat_kelu...', Array, true)
#3 /opt/lampp/htdocs/appstarter/app/Controllers/Data_Surat_Keluar.php(9): view('data_surat_kelu...')
#4 /opt/lampp/htdocs/appstarter/vendor/codeigniter4/framework/system/CodeIgniter.php(918): App\Controllers\Data_Surat_Keluar->index()
#5 /opt/lampp/htdocs/appstarter/vendor/codeigniter4/framework/system/CodeIgniter.php(404): CodeIgniter\CodeIgniter->runController(Object(App\Controllers\Data_Surat_Keluar))
#6 /opt/lampp/htdocs/appstarter/vendor/codeigniter4/framework/system/CodeIgniter.php(312): CodeIgniter\CodeIgniter->handleRequest(NULL, Object(Config\Cache), false)
#7 /opt/lampp/htdocs/appstarter/public/index.php(45): CodeIgniter\CodeIgniter->run()
#8 /opt/lampp/htdocs/appstarter/vendor/codeigniter4/framework/system/Commands/Server/rewrite.php(34): require_once('/opt/lampp/htdo...')
#9 {main}
CRITICAL - 2020-11-08 01:31:02 --> Class 'App\Controllers\M_surat_keluar' not found
#0 /opt/lampp/htdocs/appstarter/vendor/codeigniter4/framework/system/CodeIgniter.php(918): App\Controllers\Data_Surat_Keluar->index()
#1 /opt/lampp/htdocs/appstarter/vendor/codeigniter4/framework/system/CodeIgniter.php(404): CodeIgniter\CodeIgniter->runController(Object(App\Controllers\Data_Surat_Keluar))
#2 /opt/lampp/htdocs/appstarter/vendor/codeigniter4/framework/system/CodeIgniter.php(312): CodeIgniter\CodeIgniter->handleRequest(NULL, Object(Config\Cache), false)
#3 /opt/lampp/htdocs/appstarter/public/index.php(45): CodeIgniter\CodeIgniter->run()
#4 /opt/lampp/htdocs/appstarter/vendor/codeigniter4/framework/system/Commands/Server/rewrite.php(34): require_once('/opt/lampp/htdo...')
#5 {main}
CRITICAL - 2020-11-08 01:31:03 --> Class 'App\Controllers\M_surat_keluar' not found
#0 /opt/lampp/htdocs/appstarter/vendor/codeigniter4/framework/system/CodeIgniter.php(918): App\Controllers\Data_Surat_Keluar->index()
#1 /opt/lampp/htdocs/appstarter/vendor/codeigniter4/framework/system/CodeIgniter.php(404): CodeIgniter\CodeIgniter->runController(Object(App\Controllers\Data_Surat_Keluar))
#2 /opt/lampp/htdocs/appstarter/vendor/codeigniter4/framework/system/CodeIgniter.php(312): CodeIgniter\CodeIgniter->handleRequest(NULL, Object(Config\Cache), false)
#3 /opt/lampp/htdocs/appstarter/public/index.php(45): CodeIgniter\CodeIgniter->run()
#4 /opt/lampp/htdocs/appstarter/vendor/codeigniter4/framework/system/Commands/Server/rewrite.php(34): require_once('/opt/lampp/htdo...')
#5 {main}
CRITICAL - 2020-11-08 01:31:04 --> Class 'App\Controllers\M_surat_keluar' not found
#0 /opt/lampp/htdocs/appstarter/vendor/codeigniter4/framework/system/CodeIgniter.php(918): App\Controllers\Data_Surat_Keluar->index()
#1 /opt/lampp/htdocs/appstarter/vendor/codeigniter4/framework/system/CodeIgniter.php(404): CodeIgniter\CodeIgniter->runController(Object(App\Controllers\Data_Surat_Keluar))
#2 /opt/lampp/htdocs/appstarter/vendor/codeigniter4/framework/system/CodeIgniter.php(312): CodeIgniter\CodeIgniter->handleRequest(NULL, Object(Config\Cache), false)
#3 /opt/lampp/htdocs/appstarter/public/index.php(45): CodeIgniter\CodeIgniter->run()
#4 /opt/lampp/htdocs/appstarter/vendor/codeigniter4/framework/system/Commands/Server/rewrite.php(34): require_once('/opt/lampp/htdo...')
#5 {main}
CRITICAL - 2020-11-08 01:31:04 --> Class 'App\Controllers\M_surat_keluar' not found
#0 /opt/lampp/htdocs/appstarter/vendor/codeigniter4/framework/system/CodeIgniter.php(918): App\Controllers\Data_Surat_Keluar->index()
#1 /opt/lampp/htdocs/appstarter/vendor/codeigniter4/framework/system/CodeIgniter.php(404): CodeIgniter\CodeIgniter->runController(Object(App\Controllers\Data_Surat_Keluar))
#2 /opt/lampp/htdocs/appstarter/vendor/codeigniter4/framework/system/CodeIgniter.php(312): CodeIgniter\CodeIgniter->handleRequest(NULL, Object(Config\Cache), false)
#3 /opt/lampp/htdocs/appstarter/public/index.php(45): CodeIgniter\CodeIgniter->run()
#4 /opt/lampp/htdocs/appstarter/vendor/codeigniter4/framework/system/Commands/Server/rewrite.php(34): require_once('/opt/lampp/htdo...')
#5 {main}
CRITICAL - 2020-11-08 01:31:04 --> Class 'App\Controllers\M_surat_keluar' not found
#0 /opt/lampp/htdocs/appstarter/vendor/codeigniter4/framework/system/CodeIgniter.php(918): App\Controllers\Data_Surat_Keluar->index()
#1 /opt/lampp/htdocs/appstarter/vendor/codeigniter4/framework/system/CodeIgniter.php(404): CodeIgniter\CodeIgniter->runController(Object(App\Controllers\Data_Surat_Keluar))
#2 /opt/lampp/htdocs/appstarter/vendor/codeigniter4/framework/system/CodeIgniter.php(312): CodeIgniter\CodeIgniter->handleRequest(NULL, Object(Config\Cache), false)
#3 /opt/lampp/htdocs/appstarter/public/index.php(45): CodeIgniter\CodeIgniter->run()
#4 /opt/lampp/htdocs/appstarter/vendor/codeigniter4/framework/system/Commands/Server/rewrite.php(34): require_once('/opt/lampp/htdo...')
#5 {main}
CRITICAL - 2020-11-08 01:31:05 --> Class 'App\Controllers\M_surat_keluar' not found
#0 /opt/lampp/htdocs/appstarter/vendor/codeigniter4/framework/system/CodeIgniter.php(918): App\Controllers\Data_Surat_Keluar->index()
#1 /opt/lampp/htdocs/appstarter/vendor/codeigniter4/framework/system/CodeIgniter.php(404): CodeIgniter\CodeIgniter->runController(Object(App\Controllers\Data_Surat_Keluar))
#2 /opt/lampp/htdocs/appstarter/vendor/codeigniter4/framework/system/CodeIgniter.php(312): CodeIgniter\CodeIgniter->handleRequest(NULL, Object(Config\Cache), false)
#3 /opt/lampp/htdocs/appstarter/public/index.php(45): CodeIgniter\CodeIgniter->run()
#4 /opt/lampp/htdocs/appstarter/vendor/codeigniter4/framework/system/Commands/Server/rewrite.php(34): require_once('/opt/lampp/htdo...')
#5 {main}
CRITICAL - 2020-11-08 01:31:05 --> Class 'App\Controllers\M_surat_keluar' not found
#0 /opt/lampp/htdocs/appstarter/vendor/codeigniter4/framework/system/CodeIgniter.php(918): App\Controllers\Data_Surat_Keluar->index()
#1 /opt/lampp/htdocs/appstarter/vendor/codeigniter4/framework/system/CodeIgniter.php(404): CodeIgniter\CodeIgniter->runController(Object(App\Controllers\Data_Surat_Keluar))
#2 /opt/lampp/htdocs/appstarter/vendor/codeigniter4/framework/system/CodeIgniter.php(312): CodeIgniter\CodeIgniter->handleRequest(NULL, Object(Config\Cache), false)
#3 /opt/lampp/htdocs/appstarter/public/index.php(45): CodeIgniter\CodeIgniter->run()
#4 /opt/lampp/htdocs/appstarter/vendor/codeigniter4/framework/system/Commands/Server/rewrite.php(34): require_once('/opt/lampp/htdo...')
#5 {main}
CRITICAL - 2020-11-08 01:31:05 --> Class 'App\Controllers\M_surat_keluar' not found
#0 /opt/lampp/htdocs/appstarter/vendor/codeigniter4/framework/system/CodeIgniter.php(918): App\Controllers\Data_Surat_Keluar->index()
#1 /opt/lampp/htdocs/appstarter/vendor/codeigniter4/framework/system/CodeIgniter.php(404): CodeIgniter\CodeIgniter->runController(Object(App\Controllers\Data_Surat_Keluar))
#2 /opt/lampp/htdocs/appstarter/vendor/codeigniter4/framework/system/CodeIgniter.php(312): CodeIgniter\CodeIgniter->handleRequest(NULL, Object(Config\Cache), false)
#3 /opt/lampp/htdocs/appstarter/public/index.php(45): CodeIgniter\CodeIgniter->run()
#4 /opt/lampp/htdocs/appstarter/vendor/codeigniter4/framework/system/Commands/Server/rewrite.php(34): require_once('/opt/lampp/htdo...')
#5 {main}
CRITICAL - 2020-11-08 01:31:05 --> Class 'App\Controllers\M_surat_keluar' not found
#0 /opt/lampp/htdocs/appstarter/vendor/codeigniter4/framework/system/CodeIgniter.php(918): App\Controllers\Data_Surat_Keluar->index()
#1 /opt/lampp/htdocs/appstarter/vendor/codeigniter4/framework/system/CodeIgniter.php(404): CodeIgniter\CodeIgniter->runController(Object(App\Controllers\Data_Surat_Keluar))
#2 /opt/lampp/htdocs/appstarter/vendor/codeigniter4/framework/system/CodeIgniter.php(312): CodeIgniter\CodeIgniter->handleRequest(NULL, Object(Config\Cache), false)
#3 /opt/lampp/htdocs/appstarter/public/index.php(45): CodeIgniter\CodeIgniter->run()
#4 /opt/lampp/htdocs/appstarter/vendor/codeigniter4/framework/system/Commands/Server/rewrite.php(34): require_once('/opt/lampp/htdo...')
#5 {main}
CRITICAL - 2020-11-08 01:31:05 --> Class 'App\Controllers\M_surat_keluar' not found
#0 /opt/lampp/htdocs/appstarter/vendor/codeigniter4/framework/system/CodeIgniter.php(918): App\Controllers\Data_Surat_Keluar->index()
#1 /opt/lampp/htdocs/appstarter/vendor/codeigniter4/framework/system/CodeIgniter.php(404): CodeIgniter\CodeIgniter->runController(Object(App\Controllers\Data_Surat_Keluar))
#2 /opt/lampp/htdocs/appstarter/vendor/codeigniter4/framework/system/CodeIgniter.php(312): CodeIgniter\CodeIgniter->handleRequest(NULL, Object(Config\Cache), false)
#3 /opt/lampp/htdocs/appstarter/public/index.php(45): CodeIgniter\CodeIgniter->run()
#4 /opt/lampp/htdocs/appstarter/vendor/codeigniter4/framework/system/Commands/Server/rewrite.php(34): require_once('/opt/lampp/htdo...')
#5 {main}
CRITICAL - 2020-11-08 01:31:06 --> Class 'App\Controllers\M_surat_keluar' not found
#0 /opt/lampp/htdocs/appstarter/vendor/codeigniter4/framework/system/CodeIgniter.php(918): App\Controllers\Data_Surat_Keluar->index()
#1 /opt/lampp/htdocs/appstarter/vendor/codeigniter4/framework/system/CodeIgniter.php(404): CodeIgniter\CodeIgniter->runController(Object(App\Controllers\Data_Surat_Keluar))
#2 /opt/lampp/htdocs/appstarter/vendor/codeigniter4/framework/system/CodeIgniter.php(312): CodeIgniter\CodeIgniter->handleRequest(NULL, Object(Config\Cache), false)
#3 /opt/lampp/htdocs/appstarter/public/index.php(45): CodeIgniter\CodeIgniter->run()
#4 /opt/lampp/htdocs/appstarter/vendor/codeigniter4/framework/system/Commands/Server/rewrite.php(34): require_once('/opt/lampp/htdo...')
#5 {main}
CRITICAL - 2020-11-08 01:31:06 --> Class 'App\Controllers\M_surat_keluar' not found
#0 /opt/lampp/htdocs/appstarter/vendor/codeigniter4/framework/system/CodeIgniter.php(918): App\Controllers\Data_Surat_Keluar->index()
#1 /opt/lampp/htdocs/appstarter/vendor/codeigniter4/framework/system/CodeIgniter.php(404): CodeIgniter\CodeIgniter->runController(Object(App\Controllers\Data_Surat_Keluar))
#2 /opt/lampp/htdocs/appstarter/vendor/codeigniter4/framework/system/CodeIgniter.php(312): CodeIgniter\CodeIgniter->handleRequest(NULL, Object(Config\Cache), false)
#3 /opt/lampp/htdocs/appstarter/public/index.php(45): CodeIgniter\CodeIgniter->run()
#4 /opt/lampp/htdocs/appstarter/vendor/codeigniter4/framework/system/Commands/Server/rewrite.php(34): require_once('/opt/lampp/htdo...')
#5 {main}
CRITICAL - 2020-11-08 01:31:06 --> Class 'App\Controllers\M_surat_keluar' not found
#0 /opt/lampp/htdocs/appstarter/vendor/codeigniter4/framework/system/CodeIgniter.php(918): App\Controllers\Data_Surat_Keluar->index()
#1 /opt/lampp/htdocs/appstarter/vendor/codeigniter4/framework/system/CodeIgniter.php(404): CodeIgniter\CodeIgniter->runController(Object(App\Controllers\Data_Surat_Keluar))
#2 /opt/lampp/htdocs/appstarter/vendor/codeigniter4/framework/system/CodeIgniter.php(312): CodeIgniter\CodeIgniter->handleRequest(NULL, Object(Config\Cache), false)
#3 /opt/lampp/htdocs/appstarter/public/index.php(45): CodeIgniter\CodeIgniter->run()
#4 /opt/lampp/htdocs/appstarter/vendor/codeigniter4/framework/system/Commands/Server/rewrite.php(34): require_once('/opt/lampp/htdo...')
#5 {main}
CRITICAL - 2020-11-08 01:31:06 --> Class 'App\Controllers\M_surat_keluar' not found
#0 /opt/lampp/htdocs/appstarter/vendor/codeigniter4/framework/system/CodeIgniter.php(918): App\Controllers\Data_Surat_Keluar->index()
#1 /opt/lampp/htdocs/appstarter/vendor/codeigniter4/framework/system/CodeIgniter.php(404): CodeIgniter\CodeIgniter->runController(Object(App\Controllers\Data_Surat_Keluar))
#2 /opt/lampp/htdocs/appstarter/vendor/codeigniter4/framework/system/CodeIgniter.php(312): CodeIgniter\CodeIgniter->handleRequest(NULL, Object(Config\Cache), false)
#3 /opt/lampp/htdocs/appstarter/public/index.php(45): CodeIgniter\CodeIgniter->run()
#4 /opt/lampp/htdocs/appstarter/vendor/codeigniter4/framework/system/Commands/Server/rewrite.php(34): require_once('/opt/lampp/htdo...')
#5 {main}
CRITICAL - 2020-11-08 01:31:06 --> Class 'App\Controllers\M_surat_keluar' not found
#0 /opt/lampp/htdocs/appstarter/vendor/codeigniter4/framework/system/CodeIgniter.php(918): App\Controllers\Data_Surat_Keluar->index()
#1 /opt/lampp/htdocs/appstarter/vendor/codeigniter4/framework/system/CodeIgniter.php(404): CodeIgniter\CodeIgniter->runController(Object(App\Controllers\Data_Surat_Keluar))
#2 /opt/lampp/htdocs/appstarter/vendor/codeigniter4/framework/system/CodeIgniter.php(312): CodeIgniter\CodeIgniter->handleRequest(NULL, Object(Config\Cache), false)
#3 /opt/lampp/htdocs/appstarter/public/index.php(45): CodeIgniter\CodeIgniter->run()
#4 /opt/lampp/htdocs/appstarter/vendor/codeigniter4/framework/system/Commands/Server/rewrite.php(34): require_once('/opt/lampp/htdo...')
#5 {main}
CRITICAL - 2020-11-08 01:31:07 --> Class 'App\Controllers\M_surat_keluar' not found
#0 /opt/lampp/htdocs/appstarter/vendor/codeigniter4/framework/system/CodeIgniter.php(918): App\Controllers\Data_Surat_Keluar->index()
#1 /opt/lampp/htdocs/appstarter/vendor/codeigniter4/framework/system/CodeIgniter.php(404): CodeIgniter\CodeIgniter->runController(Object(App\Controllers\Data_Surat_Keluar))
#2 /opt/lampp/htdocs/appstarter/vendor/codeigniter4/framework/system/CodeIgniter.php(312): CodeIgniter\CodeIgniter->handleRequest(NULL, Object(Config\Cache), false)
#3 /opt/lampp/htdocs/appstarter/public/index.php(45): CodeIgniter\CodeIgniter->run()
#4 /opt/lampp/htdocs/appstarter/vendor/codeigniter4/framework/system/Commands/Server/rewrite.php(34): require_once('/opt/lampp/htdo...')
#5 {main}
CRITICAL - 2020-11-08 01:31:07 --> Class 'App\Controllers\M_surat_keluar' not found
#0 /opt/lampp/htdocs/appstarter/vendor/codeigniter4/framework/system/CodeIgniter.php(918): App\Controllers\Data_Surat_Keluar->index()
#1 /opt/lampp/htdocs/appstarter/vendor/codeigniter4/framework/system/CodeIgniter.php(404): CodeIgniter\CodeIgniter->runController(Object(App\Controllers\Data_Surat_Keluar))
#2 /opt/lampp/htdocs/appstarter/vendor/codeigniter4/framework/system/CodeIgniter.php(312): CodeIgniter\CodeIgniter->handleRequest(NULL, Object(Config\Cache), false)
#3 /opt/lampp/htdocs/appstarter/public/index.php(45): CodeIgniter\CodeIgniter->run()
#4 /opt/lampp/htdocs/appstarter/vendor/codeigniter4/framework/system/Commands/Server/rewrite.php(34): require_once('/opt/lampp/htdo...')
#5 {main}
CRITICAL - 2020-11-08 01:31:07 --> Class 'App\Controllers\M_surat_keluar' not found
#0 /opt/lampp/htdocs/appstarter/vendor/codeigniter4/framework/system/CodeIgniter.php(918): App\Controllers\Data_Surat_Keluar->index()
#1 /opt/lampp/htdocs/appstarter/vendor/codeigniter4/framework/system/CodeIgniter.php(404): CodeIgniter\CodeIgniter->runController(Object(App\Controllers\Data_Surat_Keluar))
#2 /opt/lampp/htdocs/appstarter/vendor/codeigniter4/framework/system/CodeIgniter.php(312): CodeIgniter\CodeIgniter->handleRequest(NULL, Object(Config\Cache), false)
#3 /opt/lampp/htdocs/appstarter/public/index.php(45): CodeIgniter\CodeIgniter->run()
#4 /opt/lampp/htdocs/appstarter/vendor/codeigniter4/framework/system/Commands/Server/rewrite.php(34): require_once('/opt/lampp/htdo...')
#5 {main}
CRITICAL - 2020-11-08 01:31:07 --> Class 'App\Controllers\M_surat_keluar' not found
#0 /opt/lampp/htdocs/appstarter/vendor/codeigniter4/framework/system/CodeIgniter.php(918): App\Controllers\Data_Surat_Keluar->index()
#1 /opt/lampp/htdocs/appstarter/vendor/codeigniter4/framework/system/CodeIgniter.php(404): CodeIgniter\CodeIgniter->runController(Object(App\Controllers\Data_Surat_Keluar))
#2 /opt/lampp/htdocs/appstarter/vendor/codeigniter4/framework/system/CodeIgniter.php(312): CodeIgniter\CodeIgniter->handleRequest(NULL, Object(Config\Cache), false)
#3 /opt/lampp/htdocs/appstarter/public/index.php(45): CodeIgniter\CodeIgniter->run()
#4 /opt/lampp/htdocs/appstarter/vendor/codeigniter4/framework/system/Commands/Server/rewrite.php(34): require_once('/opt/lampp/htdo...')
#5 {main}
CRITICAL - 2020-11-08 01:31:07 --> Class 'App\Controllers\M_surat_keluar' not found
#0 /opt/lampp/htdocs/appstarter/vendor/codeigniter4/framework/system/CodeIgniter.php(918): App\Controllers\Data_Surat_Keluar->index()
#1 /opt/lampp/htdocs/appstarter/vendor/codeigniter4/framework/system/CodeIgniter.php(404): CodeIgniter\CodeIgniter->runController(Object(App\Controllers\Data_Surat_Keluar))
#2 /opt/lampp/htdocs/appstarter/vendor/codeigniter4/framework/system/CodeIgniter.php(312): CodeIgniter\CodeIgniter->handleRequest(NULL, Object(Config\Cache), false)
#3 /opt/lampp/htdocs/appstarter/public/index.php(45): CodeIgniter\CodeIgniter->run()
#4 /opt/lampp/htdocs/appstarter/vendor/codeigniter4/framework/system/Commands/Server/rewrite.php(34): require_once('/opt/lampp/htdo...')
#5 {main}
CRITICAL - 2020-11-08 01:31:07 --> Class 'App\Controllers\M_surat_keluar' not found
#0 /opt/lampp/htdocs/appstarter/vendor/codeigniter4/framework/system/CodeIgniter.php(918): App\Controllers\Data_Surat_Keluar->index()
#1 /opt/lampp/htdocs/appstarter/vendor/codeigniter4/framework/system/CodeIgniter.php(404): CodeIgniter\CodeIgniter->runController(Object(App\Controllers\Data_Surat_Keluar))
#2 /opt/lampp/htdocs/appstarter/vendor/codeigniter4/framework/system/CodeIgniter.php(312): CodeIgniter\CodeIgniter->handleRequest(NULL, Object(Config\Cache), false)
#3 /opt/lampp/htdocs/appstarter/public/index.php(45): CodeIgniter\CodeIgniter->run()
#4 /opt/lampp/htdocs/appstarter/vendor/codeigniter4/framework/system/Commands/Server/rewrite.php(34): require_once('/opt/lampp/htdo...')
#5 {main}
CRITICAL - 2020-11-08 01:31:08 --> Class 'App\Controllers\M_surat_keluar' not found
#0 /opt/lampp/htdocs/appstarter/vendor/codeigniter4/framework/system/CodeIgniter.php(918): App\Controllers\Data_Surat_Keluar->index()
#1 /opt/lampp/htdocs/appstarter/vendor/codeigniter4/framework/system/CodeIgniter.php(404): CodeIgniter\CodeIgniter->runController(Object(App\Controllers\Data_Surat_Keluar))
#2 /opt/lampp/htdocs/appstarter/vendor/codeigniter4/framework/system/CodeIgniter.php(312): CodeIgniter\CodeIgniter->handleRequest(NULL, Object(Config\Cache), false)
#3 /opt/lampp/htdocs/appstarter/public/index.php(45): CodeIgniter\CodeIgniter->run()
#4 /opt/lampp/htdocs/appstarter/vendor/codeigniter4/framework/system/Commands/Server/rewrite.php(34): require_once('/opt/lampp/htdo...')
#5 {main}
CRITICAL - 2020-11-08 01:31:08 --> Class 'App\Controllers\M_surat_keluar' not found
#0 /opt/lampp/htdocs/appstarter/vendor/codeigniter4/framework/system/CodeIgniter.php(918): App\Controllers\Data_Surat_Keluar->index()
#1 /opt/lampp/htdocs/appstarter/vendor/codeigniter4/framework/system/CodeIgniter.php(404): CodeIgniter\CodeIgniter->runController(Object(App\Controllers\Data_Surat_Keluar))
#2 /opt/lampp/htdocs/appstarter/vendor/codeigniter4/framework/system/CodeIgniter.php(312): CodeIgniter\CodeIgniter->handleRequest(NULL, Object(Config\Cache), false)
#3 /opt/lampp/htdocs/appstarter/public/index.php(45): CodeIgniter\CodeIgniter->run()
#4 /opt/lampp/htdocs/appstarter/vendor/codeigniter4/framework/system/Commands/Server/rewrite.php(34): require_once('/opt/lampp/htdo...')
#5 {main}
CRITICAL - 2020-11-08 01:32:03 --> Class 'App\Controllers\M_surat_keluar' not found
#0 /opt/lampp/htdocs/appstarter/vendor/codeigniter4/framework/system/CodeIgniter.php(918): App\Controllers\Data_Surat_Keluar->index()
#1 /opt/lampp/htdocs/appstarter/vendor/codeigniter4/framework/system/CodeIgniter.php(404): CodeIgniter\CodeIgniter->runController(Object(App\Controllers\Data_Surat_Keluar))
#2 /opt/lampp/htdocs/appstarter/vendor/codeigniter4/framework/system/CodeIgniter.php(312): CodeIgniter\CodeIgniter->handleRequest(NULL, Object(Config\Cache), false)
#3 /opt/lampp/htdocs/appstarter/public/index.php(45): CodeIgniter\CodeIgniter->run()
#4 /opt/lampp/htdocs/appstarter/vendor/codeigniter4/framework/system/Commands/Server/rewrite.php(34): require_once('/opt/lampp/htdo...')
#5 {main}
CRITICAL - 2020-11-08 01:32:03 --> Class 'App\Controllers\M_surat_keluar' not found
#0 /opt/lampp/htdocs/appstarter/vendor/codeigniter4/framework/system/CodeIgniter.php(918): App\Controllers\Data_Surat_Keluar->index()
#1 /opt/lampp/htdocs/appstarter/vendor/codeigniter4/framework/system/CodeIgniter.php(404): CodeIgniter\CodeIgniter->runController(Object(App\Controllers\Data_Surat_Keluar))
#2 /opt/lampp/htdocs/appstarter/vendor/codeigniter4/framework/system/CodeIgniter.php(312): CodeIgniter\CodeIgniter->handleRequest(NULL, Object(Config\Cache), false)
#3 /opt/lampp/htdocs/appstarter/public/index.php(45): CodeIgniter\CodeIgniter->run()
#4 /opt/lampp/htdocs/appstarter/vendor/codeigniter4/framework/system/Commands/Server/rewrite.php(34): require_once('/opt/lampp/htdo...')
#5 {main}
CRITICAL - 2020-11-08 01:32:04 --> Class 'App\Controllers\M_surat_keluar' not found
#0 /opt/lampp/htdocs/appstarter/vendor/codeigniter4/framework/system/CodeIgniter.php(918): App\Controllers\Data_Surat_Keluar->index()
#1 /opt/lampp/htdocs/appstarter/vendor/codeigniter4/framework/system/CodeIgniter.php(404): CodeIgniter\CodeIgniter->runController(Object(App\Controllers\Data_Surat_Keluar))
#2 /opt/lampp/htdocs/appstarter/vendor/codeigniter4/framework/system/CodeIgniter.php(312): CodeIgniter\CodeIgniter->handleRequest(NULL, Object(Config\Cache), false)
#3 /opt/lampp/htdocs/appstarter/public/index.php(45): CodeIgniter\CodeIgniter->run()
#4 /opt/lampp/htdocs/appstarter/vendor/codeigniter4/framework/system/Commands/Server/rewrite.php(34): require_once('/opt/lampp/htdo...')
#5 {main}
CRITICAL - 2020-11-08 01:32:04 --> Class 'App\Controllers\M_surat_keluar' not found
#0 /opt/lampp/htdocs/appstarter/vendor/codeigniter4/framework/system/CodeIgniter.php(918): App\Controllers\Data_Surat_Keluar->index()
#1 /opt/lampp/htdocs/appstarter/vendor/codeigniter4/framework/system/CodeIgniter.php(404): CodeIgniter\CodeIgniter->runController(Object(App\Controllers\Data_Surat_Keluar))
#2 /opt/lampp/htdocs/appstarter/vendor/codeigniter4/framework/system/CodeIgniter.php(312): CodeIgniter\CodeIgniter->handleRequest(NULL, Object(Config\Cache), false)
#3 /opt/lampp/htdocs/appstarter/public/index.php(45): CodeIgniter\CodeIgniter->run()
#4 /opt/lampp/htdocs/appstarter/vendor/codeigniter4/framework/system/Commands/Server/rewrite.php(34): require_once('/opt/lampp/htdo...')
#5 {main}
CRITICAL - 2020-11-08 01:32:04 --> Class 'App\Controllers\M_surat_keluar' not found
#0 /opt/lampp/htdocs/appstarter/vendor/codeigniter4/framework/system/CodeIgniter.php(918): App\Controllers\Data_Surat_Keluar->index()
#1 /opt/lampp/htdocs/appstarter/vendor/codeigniter4/framework/system/CodeIgniter.php(404): CodeIgniter\CodeIgniter->runController(Object(App\Controllers\Data_Surat_Keluar))
#2 /opt/lampp/htdocs/appstarter/vendor/codeigniter4/framework/system/CodeIgniter.php(312): CodeIgniter\CodeIgniter->handleRequest(NULL, Object(Config\Cache), false)
#3 /opt/lampp/htdocs/appstarter/public/index.php(45): CodeIgniter\CodeIgniter->run()
#4 /opt/lampp/htdocs/appstarter/vendor/codeigniter4/framework/system/Commands/Server/rewrite.php(34): require_once('/opt/lampp/htdo...')
#5 {main}
CRITICAL - 2020-11-08 01:32:05 --> Class 'App\Controllers\M_surat_keluar' not found
#0 /opt/lampp/htdocs/appstarter/vendor/codeigniter4/framework/system/CodeIgniter.php(918): App\Controllers\Data_Surat_Keluar->index()
#1 /opt/lampp/htdocs/appstarter/vendor/codeigniter4/framework/system/CodeIgniter.php(404): CodeIgniter\CodeIgniter->runController(Object(App\Controllers\Data_Surat_Keluar))
#2 /opt/lampp/htdocs/appstarter/vendor/codeigniter4/framework/system/CodeIgniter.php(312): CodeIgniter\CodeIgniter->handleRequest(NULL, Object(Config\Cache), false)
#3 /opt/lampp/htdocs/appstarter/public/index.php(45): CodeIgniter\CodeIgniter->run()
#4 /opt/lampp/htdocs/appstarter/vendor/codeigniter4/framework/system/Commands/Server/rewrite.php(34): require_once('/opt/lampp/htdo...')
#5 {main}
CRITICAL - 2020-11-08 01:32:05 --> Class 'App\Controllers\M_surat_keluar' not found
#0 /opt/lampp/htdocs/appstarter/vendor/codeigniter4/framework/system/CodeIgniter.php(918): App\Controllers\Data_Surat_Keluar->index()
#1 /opt/lampp/htdocs/appstarter/vendor/codeigniter4/framework/system/CodeIgniter.php(404): CodeIgniter\CodeIgniter->runController(Object(App\Controllers\Data_Surat_Keluar))
#2 /opt/lampp/htdocs/appstarter/vendor/codeigniter4/framework/system/CodeIgniter.php(312): CodeIgniter\CodeIgniter->handleRequest(NULL, Object(Config\Cache), false)
#3 /opt/lampp/htdocs/appstarter/public/index.php(45): CodeIgniter\CodeIgniter->run()
#4 /opt/lampp/htdocs/appstarter/vendor/codeigniter4/framework/system/Commands/Server/rewrite.php(34): require_once('/opt/lampp/htdo...')
#5 {main}
CRITICAL - 2020-11-08 01:32:05 --> Class 'App\Controllers\M_surat_keluar' not found
#0 /opt/lampp/htdocs/appstarter/vendor/codeigniter4/framework/system/CodeIgniter.php(918): App\Controllers\Data_Surat_Keluar->index()
#1 /opt/lampp/htdocs/appstarter/vendor/codeigniter4/framework/system/CodeIgniter.php(404): CodeIgniter\CodeIgniter->runController(Object(App\Controllers\Data_Surat_Keluar))
#2 /opt/lampp/htdocs/appstarter/vendor/codeigniter4/framework/system/CodeIgniter.php(312): CodeIgniter\CodeIgniter->handleRequest(NULL, Object(Config\Cache), false)
#3 /opt/lampp/htdocs/appstarter/public/index.php(45): CodeIgniter\CodeIgniter->run()
#4 /opt/lampp/htdocs/appstarter/vendor/codeigniter4/framework/system/Commands/Server/rewrite.php(34): require_once('/opt/lampp/htdo...')
#5 {main}
CRITICAL - 2020-11-08 01:32:05 --> Class 'App\Controllers\M_surat_keluar' not found
#0 /opt/lampp/htdocs/appstarter/vendor/codeigniter4/framework/system/CodeIgniter.php(918): App\Controllers\Data_Surat_Keluar->index()
#1 /opt/lampp/htdocs/appstarter/vendor/codeigniter4/framework/system/CodeIgniter.php(404): CodeIgniter\CodeIgniter->runController(Object(App\Controllers\Data_Surat_Keluar))
#2 /opt/lampp/htdocs/appstarter/vendor/codeigniter4/framework/system/CodeIgniter.php(312): CodeIgniter\CodeIgniter->handleRequest(NULL, Object(Config\Cache), false)
#3 /opt/lampp/htdocs/appstarter/public/index.php(45): CodeIgniter\CodeIgniter->run()
#4 /opt/lampp/htdocs/appstarter/vendor/codeigniter4/framework/system/Commands/Server/rewrite.php(34): require_once('/opt/lampp/htdo...')
#5 {main}
CRITICAL - 2020-11-08 01:32:05 --> Class 'App\Controllers\M_surat_keluar' not found
#0 /opt/lampp/htdocs/appstarter/vendor/codeigniter4/framework/system/CodeIgniter.php(918): App\Controllers\Data_Surat_Keluar->index()
#1 /opt/lampp/htdocs/appstarter/vendor/codeigniter4/framework/system/CodeIgniter.php(404): CodeIgniter\CodeIgniter->runController(Object(App\Controllers\Data_Surat_Keluar))
#2 /opt/lampp/htdocs/appstarter/vendor/codeigniter4/framework/system/CodeIgniter.php(312): CodeIgniter\CodeIgniter->handleRequest(NULL, Object(Config\Cache), false)
#3 /opt/lampp/htdocs/appstarter/public/index.php(45): CodeIgniter\CodeIgniter->run()
#4 /opt/lampp/htdocs/appstarter/vendor/codeigniter4/framework/system/Commands/Server/rewrite.php(34): require_once('/opt/lampp/htdo...')
#5 {main}
CRITICAL - 2020-11-08 01:32:05 --> Class 'App\Controllers\M_surat_keluar' not found
#0 /opt/lampp/htdocs/appstarter/vendor/codeigniter4/framework/system/CodeIgniter.php(918): App\Controllers\Data_Surat_Keluar->index()
#1 /opt/lampp/htdocs/appstarter/vendor/codeigniter4/framework/system/CodeIgniter.php(404): CodeIgniter\CodeIgniter->runController(Object(App\Controllers\Data_Surat_Keluar))
#2 /opt/lampp/htdocs/appstarter/vendor/codeigniter4/framework/system/CodeIgniter.php(312): CodeIgniter\CodeIgniter->handleRequest(NULL, Object(Config\Cache), false)
#3 /opt/lampp/htdocs/appstarter/public/index.php(45): CodeIgniter\CodeIgniter->run()
#4 /opt/lampp/htdocs/appstarter/vendor/codeigniter4/framework/system/Commands/Server/rewrite.php(34): require_once('/opt/lampp/htdo...')
#5 {main}
CRITICAL - 2020-11-08 01:32:06 --> Class 'App\Controllers\M_surat_keluar' not found
#0 /opt/lampp/htdocs/appstarter/vendor/codeigniter4/framework/system/CodeIgniter.php(918): App\Controllers\Data_Surat_Keluar->index()
#1 /opt/lampp/htdocs/appstarter/vendor/codeigniter4/framework/system/CodeIgniter.php(404): CodeIgniter\CodeIgniter->runController(Object(App\Controllers\Data_Surat_Keluar))
#2 /opt/lampp/htdocs/appstarter/vendor/codeigniter4/framework/system/CodeIgniter.php(312): CodeIgniter\CodeIgniter->handleRequest(NULL, Object(Config\Cache), false)
#3 /opt/lampp/htdocs/appstarter/public/index.php(45): CodeIgniter\CodeIgniter->run()
#4 /opt/lampp/htdocs/appstarter/vendor/codeigniter4/framework/system/Commands/Server/rewrite.php(34): require_once('/opt/lampp/htdo...')
#5 {main}
CRITICAL - 2020-11-08 01:32:06 --> Class 'App\Controllers\M_surat_keluar' not found
#0 /opt/lampp/htdocs/appstarter/vendor/codeigniter4/framework/system/CodeIgniter.php(918): App\Controllers\Data_Surat_Keluar->index()
#1 /opt/lampp/htdocs/appstarter/vendor/codeigniter4/framework/system/CodeIgniter.php(404): CodeIgniter\CodeIgniter->runController(Object(App\Controllers\Data_Surat_Keluar))
#2 /opt/lampp/htdocs/appstarter/vendor/codeigniter4/framework/system/CodeIgniter.php(312): CodeIgniter\CodeIgniter->handleRequest(NULL, Object(Config\Cache), false)
#3 /opt/lampp/htdocs/appstarter/public/index.php(45): CodeIgniter\CodeIgniter->run()
#4 /opt/lampp/htdocs/appstarter/vendor/codeigniter4/framework/system/Commands/Server/rewrite.php(34): require_once('/opt/lampp/htdo...')
#5 {main}
CRITICAL - 2020-11-08 01:32:06 --> Class 'App\Controllers\M_surat_keluar' not found
#0 /opt/lampp/htdocs/appstarter/vendor/codeigniter4/framework/system/CodeIgniter.php(918): App\Controllers\Data_Surat_Keluar->index()
#1 /opt/lampp/htdocs/appstarter/vendor/codeigniter4/framework/system/CodeIgniter.php(404): CodeIgniter\CodeIgniter->runController(Object(App\Controllers\Data_Surat_Keluar))
#2 /opt/lampp/htdocs/appstarter/vendor/codeigniter4/framework/system/CodeIgniter.php(312): CodeIgniter\CodeIgniter->handleRequest(NULL, Object(Config\Cache), false)
#3 /opt/lampp/htdocs/appstarter/public/index.php(45): CodeIgniter\CodeIgniter->run()
#4 /opt/lampp/htdocs/appstarter/vendor/codeigniter4/framework/system/Commands/Server/rewrite.php(34): require_once('/opt/lampp/htdo...')
#5 {main}
CRITICAL - 2020-11-08 01:32:06 --> Class 'App\Controllers\M_surat_keluar' not found
#0 /opt/lampp/htdocs/appstarter/vendor/codeigniter4/framework/system/CodeIgniter.php(918): App\Controllers\Data_Surat_Keluar->index()
#1 /opt/lampp/htdocs/appstarter/vendor/codeigniter4/framework/system/CodeIgniter.php(404): CodeIgniter\CodeIgniter->runController(Object(App\Controllers\Data_Surat_Keluar))
#2 /opt/lampp/htdocs/appstarter/vendor/codeigniter4/framework/system/CodeIgniter.php(312): CodeIgniter\CodeIgniter->handleRequest(NULL, Object(Config\Cache), false)
#3 /opt/lampp/htdocs/appstarter/public/index.php(45): CodeIgniter\CodeIgniter->run()
#4 /opt/lampp/htdocs/appstarter/vendor/codeigniter4/framework/system/Commands/Server/rewrite.php(34): require_once('/opt/lampp/htdo...')
#5 {main}
CRITICAL - 2020-11-08 02:24:57 --> Duplicate entry '2' for key 'PRIMARY'
#0 /opt/lampp/htdocs/appstarter/vendor/codeigniter4/framework/system/Database/MySQLi/Connection.php(331): mysqli->query('INSERT INTO `da...')
#1 /opt/lampp/htdocs/appstarter/vendor/codeigniter4/framework/system/Database/BaseConnection.php(741): CodeIgniter\Database\MySQLi\Connection->execute('INSERT INTO `da...')
#2 /opt/lampp/htdocs/appstarter/vendor/codeigniter4/framework/system/Database/BaseConnection.php(669): CodeIgniter\Database\BaseConnection->simpleQuery('INSERT INTO `da...')
#3 /opt/lampp/htdocs/appstarter/vendor/codeigniter4/framework/system/Database/BaseBuilder.php(2249): CodeIgniter\Database\BaseConnection->query('INSERT INTO `da...', Array, false)
#4 /opt/lampp/htdocs/appstarter/app/Models/M_surat_keluar.php(21): CodeIgniter\Database\BaseBuilder->insert(Array)
#5 /opt/lampp/htdocs/appstarter/app/Controllers/Data_Surat_Keluar.php(77): App\Models\M_surat_keluar->tambah(Array)
#6 /opt/lampp/htdocs/appstarter/vendor/codeigniter4/framework/system/CodeIgniter.php(918): App\Controllers\Data_Surat_Keluar->edit('2')
#7 /opt/lampp/htdocs/appstarter/vendor/codeigniter4/framework/system/CodeIgniter.php(404): CodeIgniter\CodeIgniter->runController(Object(App\Controllers\Data_Surat_Keluar))
#8 /opt/lampp/htdocs/appstarter/vendor/codeigniter4/framework/system/CodeIgniter.php(312): CodeIgniter\CodeIgniter->handleRequest(NULL, Object(Config\Cache), false)
#9 /opt/lampp/htdocs/appstarter/public/index.php(45): CodeIgniter\CodeIgniter->run()
#10 /opt/lampp/htdocs/appstarter/vendor/codeigniter4/framework/system/Commands/Server/rewrite.php(34): require_once('/opt/lampp/htdo...')
#11 {main}
CRITICAL - 2020-11-08 02:34:46 --> Class 'App\Controllers\M_surat_kelar' not found
#0 /opt/lampp/htdocs/appstarter/vendor/codeigniter4/framework/system/CodeIgniter.php(918): App\Controllers\Data_Surat_Keluar->delete('3')
#1 /opt/lampp/htdocs/appstarter/vendor/codeigniter4/framework/system/CodeIgniter.php(404): CodeIgniter\CodeIgniter->runController(Object(App\Controllers\Data_Surat_Keluar))
#2 /opt/lampp/htdocs/appstarter/vendor/codeigniter4/framework/system/CodeIgniter.php(312): CodeIgniter\CodeIgniter->handleRequest(NULL, Object(Config\Cache), false)
#3 /opt/lampp/htdocs/appstarter/public/index.php(45): CodeIgniter\CodeIgniter->run()
#4 /opt/lampp/htdocs/appstarter/vendor/codeigniter4/framework/system/Commands/Server/rewrite.php(34): require_once('/opt/lampp/htdo...')
#5 {main}
