CRITICAL - 2020-10-30 00:42:19 --> Undefined variable: users
#0 C:\xampp\htdocs\appstarter\app\Views\data_diri\index.php(46): CodeIgniter\Debug\Exceptions->errorHandler(8, 'Undefined varia...', 'C:\\xampp\\htdocs...', 46, Array)
#1 C:\xampp\htdocs\appstarter\vendor\codeigniter4\framework\system\View\View.php(246): include('C:\\xampp\\htdocs...')
#2 C:\xampp\htdocs\appstarter\vendor\codeigniter4\framework\system\Common.php(1119): CodeIgniter\View\View->render('data_diri/index', Array, true)
#3 C:\xampp\htdocs\appstarter\app\Controllers\Data_Diri.php(9): view('data_diri/index')
#4 C:\xampp\htdocs\appstarter\vendor\codeigniter4\framework\system\CodeIgniter.php(918): App\Controllers\Data_Diri->index()
#5 C:\xampp\htdocs\appstarter\vendor\codeigniter4\framework\system\CodeIgniter.php(404): CodeIgniter\CodeIgniter->runController(Object(App\Controllers\Data_Diri))
#6 C:\xampp\htdocs\appstarter\vendor\codeigniter4\framework\system\CodeIgniter.php(312): CodeIgniter\CodeIgniter->handleRequest(NULL, Object(Config\Cache), false)
#7 C:\xampp\htdocs\appstarter\public\index.php(45): CodeIgniter\CodeIgniter->run()
#8 C:\xampp\htdocs\appstarter\vendor\codeigniter4\framework\system\Commands\Server\rewrite.php(34): require_once('C:\\xampp\\htdocs...')
#9 {main}
CRITICAL - 2020-10-30 00:50:44 --> Class 'App\Models\M_data_diri' not found
#0 C:\xampp\htdocs\appstarter\vendor\codeigniter4\framework\system\CodeIgniter.php(918): App\Controllers\Data_Diri->index()
#1 C:\xampp\htdocs\appstarter\vendor\codeigniter4\framework\system\CodeIgniter.php(404): CodeIgniter\CodeIgniter->runController(Object(App\Controllers\Data_Diri))
#2 C:\xampp\htdocs\appstarter\vendor\codeigniter4\framework\system\CodeIgniter.php(312): CodeIgniter\CodeIgniter->handleRequest(NULL, Object(Config\Cache), false)
#3 C:\xampp\htdocs\appstarter\public\index.php(45): CodeIgniter\CodeIgniter->run()
#4 C:\xampp\htdocs\appstarter\vendor\codeigniter4\framework\system\Commands\Server\rewrite.php(34): require_once('C:\\xampp\\htdocs...')
#5 {main}
CRITICAL - 2020-10-30 00:56:25 --> Undefined property: stdClass::$id
#0 C:\xampp\htdocs\appstarter\app\Views\data_diri\index.php(56): CodeIgniter\Debug\Exceptions->errorHandler(8, 'Undefined prope...', 'C:\\xampp\\htdocs...', 56, Array)
#1 C:\xampp\htdocs\appstarter\vendor\codeigniter4\framework\system\View\View.php(246): include('C:\\xampp\\htdocs...')
#2 C:\xampp\htdocs\appstarter\vendor\codeigniter4\framework\system\Common.php(1119): CodeIgniter\View\View->render('data_diri/index', Array, true)
#3 C:\xampp\htdocs\appstarter\app\Controllers\Data_Diri.php(14): view('data_diri/index', Array)
#4 C:\xampp\htdocs\appstarter\vendor\codeigniter4\framework\system\CodeIgniter.php(918): App\Controllers\Data_Diri->index()
#5 C:\xampp\htdocs\appstarter\vendor\codeigniter4\framework\system\CodeIgniter.php(404): CodeIgniter\CodeIgniter->runController(Object(App\Controllers\Data_Diri))
#6 C:\xampp\htdocs\appstarter\vendor\codeigniter4\framework\system\CodeIgniter.php(312): CodeIgniter\CodeIgniter->handleRequest(NULL, Object(Config\Cache), false)
#7 C:\xampp\htdocs\appstarter\public\index.php(45): CodeIgniter\CodeIgniter->run()
#8 C:\xampp\htdocs\appstarter\vendor\codeigniter4\framework\system\Commands\Server\rewrite.php(34): require_once('C:\\xampp\\htdocs...')
#9 {main}
CRITICAL - 2020-10-30 01:06:59 --> Class 'App\Controllers\M_user' not found
#0 C:\xampp\htdocs\appstarter\vendor\codeigniter4\framework\system\CodeIgniter.php(918): App\Controllers\Data_Diri->edit('1')
#1 C:\xampp\htdocs\appstarter\vendor\codeigniter4\framework\system\CodeIgniter.php(404): CodeIgniter\CodeIgniter->runController(Object(App\Controllers\Data_Diri))
#2 C:\xampp\htdocs\appstarter\vendor\codeigniter4\framework\system\CodeIgniter.php(312): CodeIgniter\CodeIgniter->handleRequest(NULL, Object(Config\Cache), false)
#3 C:\xampp\htdocs\appstarter\public\index.php(45): CodeIgniter\CodeIgniter->run()
#4 C:\xampp\htdocs\appstarter\vendor\codeigniter4\framework\system\Commands\Server\rewrite.php(34): require_once('C:\\xampp\\htdocs...')
#5 {main}
CRITICAL - 2020-10-30 01:16:22 --> Allowed fields must be specified for model: App\Models\M_user
#0 C:\xampp\htdocs\appstarter\vendor\codeigniter4\framework\system\Model.php(1265): CodeIgniter\Database\Exceptions\DataException::forInvalidAllowedFields('App\\Models\\M_us...')
#1 C:\xampp\htdocs\appstarter\vendor\codeigniter4\framework\system\Model.php(735): CodeIgniter\Model->doProtectFields(Array)
#2 C:\xampp\htdocs\appstarter\vendor\codeigniter4\framework\system\Model.php(574): CodeIgniter\Model->insert(Array, false)
#3 C:\xampp\htdocs\appstarter\app\Models\M_user.php(21): CodeIgniter\Model->save(Array)
#4 C:\xampp\htdocs\appstarter\app\Controllers\Data_User.php(36): App\Models\M_user->tambah(Array)
#5 C:\xampp\htdocs\appstarter\vendor\codeigniter4\framework\system\CodeIgniter.php(918): App\Controllers\Data_User->tambah()
#6 C:\xampp\htdocs\appstarter\vendor\codeigniter4\framework\system\CodeIgniter.php(404): CodeIgniter\CodeIgniter->runController(Object(App\Controllers\Data_User))
#7 C:\xampp\htdocs\appstarter\vendor\codeigniter4\framework\system\CodeIgniter.php(312): CodeIgniter\CodeIgniter->handleRequest(NULL, Object(Config\Cache), false)
#8 C:\xampp\htdocs\appstarter\public\index.php(45): CodeIgniter\CodeIgniter->run()
#9 C:\xampp\htdocs\appstarter\vendor\codeigniter4\framework\system\Commands\Server\rewrite.php(34): require_once('C:\\xampp\\htdocs...')
#10 {main}
